{"numTotalTestSuites":20,"numPassedTestSuites":20,"numFailedTestSuites":0,"numPendingTestSuites":0,"numTotalTests":33,"numPassedTests":33,"numFailedTests":0,"numPendingTests":0,"numTodoTests":0,"snapshot":{"added":0,"failure":false,"filesAdded":0,"filesRemoved":0,"filesRemovedList":[],"filesUnmatched":0,"filesUpdated":0,"matched":0,"total":0,"unchecked":0,"uncheckedKeysByFile":[],"unmatched":0,"updated":0,"didUpdate":false},"startTime":1770532968346,"success":true,"testResults":[{"assertionResults":[{"ancestorTitles":["Simulation Engine"],"fullName":"Simulation Engine Dependency Logic: Op B should wait for Op A output","status":"passed","title":"Dependency Logic: Op B should wait for Op A output","duration":6.2450840000001335,"failureMessages":[],"meta":{}},{"ancestorTitles":["Simulation Engine"],"fullName":"Simulation Engine Switch Delay: Changing machine type should add delay","status":"passed","title":"Switch Delay: Changing machine type should add delay","duration":2.537583000000268,"failureMessages":[],"meta":{}},{"ancestorTitles":["Simulation Engine"],"fullName":"Simulation Engine Machine Contention: Output limited by machine count","status":"passed","title":"Machine Contention: Output limited by machine count","duration":0.6188329999999951,"failureMessages":[],"meta":{}},{"ancestorTitles":["Simulation Engine"],"fullName":"Simulation Engine Capacity Solver: Should split time for one operator on two tasks","status":"passed","title":"Capacity Solver: Should split time for one operator on two tasks","duration":0.3427090000000135,"failureMessages":[],"meta":{}},{"ancestorTitles":["Simulation Engine"],"fullName":"Simulation Engine Handles Zero Input gracefully","status":"passed","title":"Handles Zero Input gracefully","duration":0.5423329999998714,"failureMessages":[],"meta":{}}],"startTime":1770532976069,"endTime":1770532976079.5422,"status":"passed","message":"","name":"/Users/Dileepa/Personal/DEEZ/deez-factory-flow/src/lib/simulation-engine.test.ts"},{"assertionResults":[{"ancestorTitles":["AdminDashboard"],"fullName":"AdminDashboard renders the dashboard with key stats","status":"passed","title":"renders the dashboard with key stats","duration":467.5583749999996,"failureMessages":[],"meta":{}},{"ancestorTitles":["AdminDashboard"],"fullName":"AdminDashboard displays navigation tabs","status":"passed","title":"displays navigation tabs","duration":92.41141699999935,"failureMessages":[],"meta":{}}],"startTime":1770532976589,"endTime":1770532977148.4114,"status":"passed","message":"","name":"/Users/Dileepa/Personal/DEEZ/deez-factory-flow/src/components/dashboard/admin-dashboard.test.tsx"},{"assertionResults":[{"ancestorTitles":["AISuggestions"],"fullName":"AISuggestions renders the initial state","status":"passed","title":"renders the initial state","duration":195.12516700000015,"failureMessages":[],"meta":{}},{"ancestorTitles":["AISuggestions"],"fullName":"AISuggestions handles loading state during suggestion generation","status":"passed","title":"handles loading state during suggestion generation","duration":24.97437499999978,"failureMessages":[],"meta":{}},{"ancestorTitles":["AISuggestions"],"fullName":"AISuggestions displays suggestions on success","status":"passed","title":"displays suggestions on success","duration":66.42716699999983,"failureMessages":[],"meta":{}},{"ancestorTitles":["AISuggestions"],"fullName":"AISuggestions handles errors gracefully","status":"passed","title":"handles errors gracefully","duration":35.95287499999995,"failureMessages":[],"meta":{}},{"ancestorTitles":["AISuggestions"],"fullName":"AISuggestions handles empty production data","status":"passed","title":"handles empty production data","duration":14.212375000000065,"failureMessages":[],"meta":{}}],"startTime":1770532975699,"endTime":1770532976035.2124,"status":"passed","message":"","name":"/Users/Dileepa/Personal/DEEZ/deez-factory-flow/src/components/dashboard/ai-suggestions.test.tsx"},{"assertionResults":[{"ancestorTitles":["OperatorDashboard"],"fullName":"OperatorDashboard renders the dashboard with operator name","status":"passed","title":"renders the dashboard with operator name","duration":571.5083749999994,"failureMessages":[],"meta":{}},{"ancestorTitles":["OperatorDashboard"],"fullName":"OperatorDashboard displays the assigned tasks","status":"passed","title":"displays the assigned tasks","duration":96.29724999999962,"failureMessages":[],"meta":{}},{"ancestorTitles":["OperatorDashboard"],"fullName":"OperatorDashboard opens quick log modal when clicking the add button","status":"passed","title":"opens quick log modal when clicking the add button","duration":663.6351669999995,"failureMessages":[],"meta":{}},{"ancestorTitles":["OperatorDashboard"],"fullName":"OperatorDashboard submits a log when saving in the modal","status":"passed","title":"submits a log when saving in the modal","duration":419.19424999999956,"failureMessages":[],"meta":{}}],"startTime":1770532973931,"endTime":1770532975682.1943,"status":"passed","message":"","name":"/Users/Dileepa/Personal/DEEZ/deez-factory-flow/src/components/dashboard/operator-dashboard.test.tsx"},{"assertionResults":[{"ancestorTitles":["OperatorManagement"],"fullName":"OperatorManagement renders the operator list","status":"passed","title":"renders the operator list","duration":292.0617910000001,"failureMessages":[],"meta":{}},{"ancestorTitles":["OperatorManagement"],"fullName":"OperatorManagement allows editing an operator","status":"passed","title":"allows editing an operator","duration":1431.0248330000004,"failureMessages":[],"meta":{}}],"startTime":1770532973641,"endTime":1770532975364.025,"status":"passed","message":"","name":"/Users/Dileepa/Personal/DEEZ/deez-factory-flow/src/components/dashboard/operator-management.test.tsx"},{"assertionResults":[{"ancestorTitles":["ProductionEntry"],"fullName":"ProductionEntry renders the production entry form","status":"passed","title":"renders the production entry form","duration":290.0765000000001,"failureMessages":[],"meta":{}},{"ancestorTitles":["ProductionEntry"],"fullName":"ProductionEntry loads operators and styles","status":"passed","title":"loads operators and styles","duration":77.61362499999996,"failureMessages":[],"meta":{}},{"ancestorTitles":["ProductionEntry"],"fullName":"ProductionEntry validates inputs before submission","status":"passed","title":"validates inputs before submission","duration":186.72400000000016,"failureMessages":[],"meta":{}}],"startTime":1770532975811,"endTime":1770532976365.724,"status":"passed","message":"","name":"/Users/Dileepa/Personal/DEEZ/deez-factory-flow/src/components/dashboard/production-entry.test.tsx"},{"assertionResults":[{"ancestorTitles":["ProductionPlanner"],"fullName":"ProductionPlanner renders the planner and allows style selection","status":"passed","title":"renders the planner and allows style selection","duration":1405.7866249999997,"failureMessages":[],"meta":{}},{"ancestorTitles":["ProductionPlanner"],"fullName":"ProductionPlanner handles auto-assign and publish","status":"passed","title":"handles auto-assign and publish","duration":818.6488750000008,"failureMessages":[],"meta":{}}],"startTime":1770532974290,"endTime":1770532976514.649,"status":"passed","message":"","name":"/Users/Dileepa/Personal/DEEZ/deez-factory-flow/src/components/dashboard/production-planner.test.tsx"},{"assertionResults":[{"ancestorTitles":["StyleManagement"],"fullName":"StyleManagement renders the style management card","status":"passed","title":"renders the style management card","duration":896.3537910000005,"failureMessages":[],"meta":{}},{"ancestorTitles":["StyleManagement"],"fullName":"StyleManagement opens add style dialog and submits new style","status":"passed","title":"opens add style dialog and submits new style","duration":672.3726670000005,"failureMessages":[],"meta":{}},{"ancestorTitles":["StyleManagement"],"fullName":"StyleManagement opens actions menu and handles edit style","status":"passed","title":"opens actions menu and handles edit style","duration":318.4387910000005,"failureMessages":[],"meta":{}},{"ancestorTitles":["StyleManagement"],"fullName":"StyleManagement handles adding an operation","status":"passed","title":"handles adding an operation","duration":637.0754590000006,"failureMessages":[],"meta":{}}],"startTime":1770532973810,"endTime":1770532976334.0754,"status":"passed","message":"","name":"/Users/Dileepa/Personal/DEEZ/deez-factory-flow/src/components/dashboard/style-management.test.tsx"},{"assertionResults":[{"ancestorTitles":["SupervisorDashboard"],"fullName":"SupervisorDashboard renders the dashboard stats cards","status":"passed","title":"renders the dashboard stats cards","duration":387.67291699999987,"failureMessages":[],"meta":{}},{"ancestorTitles":["SupervisorDashboard"],"fullName":"SupervisorDashboard displays the overview tab content","status":"passed","title":"displays the overview tab content","duration":142.72312500000044,"failureMessages":[],"meta":{}}],"startTime":1770532977081,"endTime":1770532977611.7231,"status":"passed","message":"","name":"/Users/Dileepa/Personal/DEEZ/deez-factory-flow/src/components/dashboard/supervisor-dashboard.test.tsx"},{"assertionResults":[{"ancestorTitles":["SupervisorManagement"],"fullName":"SupervisorManagement renders the supervisor management card","status":"passed","title":"renders the supervisor management card","duration":118.56920900000023,"failureMessages":[],"meta":{}},{"ancestorTitles":["SupervisorManagement"],"fullName":"SupervisorManagement shows loading state correctly","status":"passed","title":"shows loading state correctly","duration":130.47616700000071,"failureMessages":[],"meta":{}},{"ancestorTitles":["SupervisorManagement"],"fullName":"SupervisorManagement renders a list of supervisors","status":"passed","title":"renders a list of supervisors","duration":41.0528749999994,"failureMessages":[],"meta":{}},{"ancestorTitles":["SupervisorManagement"],"fullName":"SupervisorManagement renders empty table when no supervisors found","status":"passed","title":"renders empty table when no supervisors found","duration":10.435207999999875,"failureMessages":[],"meta":{}}],"startTime":1770532973218,"endTime":1770532973518.4353,"status":"passed","message":"","name":"/Users/Dileepa/Personal/DEEZ/deez-factory-flow/src/components/dashboard/supervisor-management.test.tsx"}],"coverageMap":{"/Users/Dileepa/Personal/DEEZ/deez-factory-flow/src/ai/genkit.ts":{"path":"/Users/Dileepa/Personal/DEEZ/deez-factory-flow/src/ai/genkit.ts","statementMap":{"0":{"start":{"line":4,"column":13},"end":{"line":7,"column":null}}},"fnMap":{},"branchMap":{},"s":{"0":2},"f":{},"b":{},"meta":{"lastBranch":0,"lastFunction":0,"lastStatement":1,"seen":{"s:4:13:7:Infinity":0}}},"/Users/Dileepa/Personal/DEEZ/deez-factory-flow/src/ai/flows/efficiency-improvement-suggestions.ts":{"path":"/Users/Dileepa/Personal/DEEZ/deez-factory-flow/src/ai/flows/efficiency-improvement-suggestions.ts","statementMap":{"0":{"start":{"line":14,"column":52},"end":{"line":18,"column":null}},"1":{"start":{"line":21,"column":53},"end":{"line":24,"column":null}},"2":{"start":{"line":30,"column":2},"end":{"line":30,"column":null}},"3":{"start":{"line":33,"column":15},"end":{"line":52,"column":null}},"4":{"start":{"line":54,"column":45},"end":{"line":64,"column":null}},"5":{"start":{"line":61,"column":21},"end":{"line":61,"column":null}},"6":{"start":{"line":62,"column":4},"end":{"line":62,"column":null}}},"fnMap":{"0":{"name":"getEfficiencyImprovementSuggestions","decl":{"start":{"line":27,"column":22},"end":{"line":27,"column":null}},"loc":{"start":{"line":29,"column":51},"end":{"line":31,"column":null}},"line":29},"1":{"name":"(anonymous_1)","decl":{"start":{"line":60,"column":2},"end":{"line":60,"column":8}},"loc":{"start":{"line":60,"column":17},"end":{"line":63,"column":null}},"line":60}},"branchMap":{},"s":{"0":1,"1":1,"2":0,"3":1,"4":1,"5":0,"6":0},"f":{"0":0,"1":0},"b":{},"meta":{"lastBranch":0,"lastFunction":2,"lastStatement":7,"seen":{"s:14:52:18:Infinity":0,"s:21:53:24:Infinity":1,"f:27:22:27:Infinity":0,"s:30:2:30:Infinity":2,"s:33:15:52:Infinity":3,"s:54:45:64:Infinity":4,"f:60:2:60:8":1,"s:61:21:61:Infinity":5,"s:62:4:62:Infinity":6}}},"/Users/Dileepa/Personal/DEEZ/deez-factory-flow/src/components/dashboard/bottleneck-analysis.tsx":{"path":"/Users/Dileepa/Personal/DEEZ/deez-factory-flow/src/components/dashboard/bottleneck-analysis.tsx","statementMap":{"0":{"start":{"line":17,"column":10},"end":{"line":17,"column":null}},"1":{"start":{"line":19,"column":10},"end":{"line":25,"column":null}},"2":{"start":{"line":20,"column":8},"end":{"line":23,"column":null}},"3":{"start":{"line":26,"column":57},"end":{"line":26,"column":null}},"4":{"start":{"line":28,"column":10},"end":{"line":31,"column":null}},"5":{"start":{"line":29,"column":8},"end":{"line":29,"column":null}},"6":{"start":{"line":32,"column":51},"end":{"line":32,"column":null}},"7":{"start":{"line":34,"column":10},"end":{"line":94,"column":null}},"8":{"start":{"line":35,"column":8},"end":{"line":35,"column":null}},"9":{"start":{"line":35,"column":40},"end":{"line":35,"column":null}},"10":{"start":{"line":42,"column":141},"end":{"line":42,"column":null}},"11":{"start":{"line":44,"column":8},"end":{"line":79,"column":null}},"12":{"start":{"line":45,"column":26},"end":{"line":45,"column":null}},"13":{"start":{"line":45,"column":43},"end":{"line":45,"column":65}},"14":{"start":{"line":46,"column":30},"end":{"line":46,"column":null}},"15":{"start":{"line":46,"column":59},"end":{"line":46,"column":86}},"16":{"start":{"line":48,"column":12},"end":{"line":48,"column":null}},"17":{"start":{"line":48,"column":38},"end":{"line":48,"column":null}},"18":{"start":{"line":50,"column":24},"end":{"line":50,"column":null}},"19":{"start":{"line":51,"column":12},"end":{"line":59,"column":null}},"20":{"start":{"line":52,"column":16},"end":{"line":58,"column":null}},"21":{"start":{"line":65,"column":27},"end":{"line":65,"column":null}},"22":{"start":{"line":66,"column":12},"end":{"line":70,"column":null}},"23":{"start":{"line":72,"column":31},"end":{"line":72,"column":null}},"24":{"start":{"line":73,"column":31},"end":{"line":73,"column":null}},"25":{"start":{"line":74,"column":27},"end":{"line":74,"column":null}},"26":{"start":{"line":76,"column":12},"end":{"line":76,"column":null}},"27":{"start":{"line":77,"column":12},"end":{"line":77,"column":null}},"28":{"start":{"line":78,"column":12},"end":{"line":78,"column":null}},"29":{"start":{"line":82,"column":23},"end":{"line":86,"column":null}},"30":{"start":{"line":82,"column":59},"end":{"line":86,"column":10}},"31":{"start":{"line":89,"column":8},"end":{"line":92,"column":null}},"32":{"start":{"line":90,"column":25},"end":{"line":90,"column":38}},"33":{"start":{"line":91,"column":28},"end":{"line":91,"column":57}},"34":{"start":{"line":96,"column":4},"end":{"line":98,"column":null}},"35":{"start":{"line":97,"column":8},"end":{"line":97,"column":null}},"36":{"start":{"line":100,"column":4},"end":{"line":138,"column":null}},"37":{"start":{"line":127,"column":62},"end":{"line":127,"column":null}},"38":{"start":{"line":131,"column":36},"end":{"line":131,"column":null}}},"fnMap":{"0":{"name":"BottleneckAnalysis","decl":{"start":{"line":15,"column":16},"end":{"line":15,"column":35}},"loc":{"start":{"line":15,"column":74},"end":{"line":140,"column":null}},"line":15},"1":{"name":"(anonymous_1)","decl":{"start":{"line":20,"column":8},"end":{"line":20,"column":14}},"loc":{"start":{"line":20,"column":8},"end":{"line":23,"column":null}},"line":20},"2":{"name":"(anonymous_2)","decl":{"start":{"line":29,"column":8},"end":{"line":29,"column":14}},"loc":{"start":{"line":29,"column":8},"end":{"line":29,"column":null}},"line":29},"3":{"name":"(anonymous_3)","decl":{"start":{"line":34,"column":25},"end":{"line":34,"column":31}},"loc":{"start":{"line":34,"column":31},"end":{"line":94,"column":7}},"line":34},"4":{"name":"(anonymous_4)","decl":{"start":{"line":44,"column":31},"end":{"line":44,"column":40}},"loc":{"start":{"line":44,"column":40},"end":{"line":79,"column":9}},"line":44},"5":{"name":"(anonymous_5)","decl":{"start":{"line":45,"column":38},"end":{"line":45,"column":43}},"loc":{"start":{"line":45,"column":43},"end":{"line":45,"column":65}},"line":45},"6":{"name":"(anonymous_6)","decl":{"start":{"line":46,"column":53},"end":{"line":46,"column":59}},"loc":{"start":{"line":46,"column":59},"end":{"line":46,"column":86}},"line":46},"7":{"name":"(anonymous_7)","decl":{"start":{"line":82,"column":50},"end":{"line":82,"column":59}},"loc":{"start":{"line":82,"column":59},"end":{"line":86,"column":10}},"line":82},"8":{"name":"(anonymous_8)","decl":{"start":{"line":90,"column":20},"end":{"line":90,"column":25}},"loc":{"start":{"line":90,"column":25},"end":{"line":90,"column":38}},"line":90},"9":{"name":"(anonymous_9)","decl":{"start":{"line":91,"column":18},"end":{"line":91,"column":19}},"loc":{"start":{"line":91,"column":28},"end":{"line":91,"column":57}},"line":91},"10":{"name":"(anonymous_10)","decl":{"start":{"line":127,"column":43},"end":{"line":127,"column":44}},"loc":{"start":{"line":127,"column":62},"end":{"line":127,"column":null}},"line":127},"11":{"name":"(anonymous_11)","decl":{"start":{"line":130,"column":42},"end":{"line":130,"column":43}},"loc":{"start":{"line":131,"column":36},"end":{"line":131,"column":null}},"line":131}},"branchMap":{"0":{"loc":{"start":{"line":35,"column":8},"end":{"line":35,"column":null}},"type":"if","locations":[{"start":{"line":35,"column":8},"end":{"line":35,"column":null}},{"start":{},"end":{}}],"line":35},"1":{"loc":{"start":{"line":35,"column":12},"end":{"line":35,"column":40}},"type":"binary-expr","locations":[{"start":{"line":35,"column":12},"end":{"line":35,"column":31}},{"start":{"line":35,"column":31},"end":{"line":35,"column":40}}],"line":35},"2":{"loc":{"start":{"line":48,"column":12},"end":{"line":48,"column":null}},"type":"if","locations":[{"start":{"line":48,"column":12},"end":{"line":48,"column":null}},{"start":{},"end":{}}],"line":48},"3":{"loc":{"start":{"line":48,"column":16},"end":{"line":48,"column":38}},"type":"binary-expr","locations":[{"start":{"line":48,"column":16},"end":{"line":48,"column":26}},{"start":{"line":48,"column":26},"end":{"line":48,"column":38}}],"line":48},"4":{"loc":{"start":{"line":51,"column":12},"end":{"line":59,"column":null}},"type":"if","locations":[{"start":{"line":51,"column":12},"end":{"line":59,"column":null}},{"start":{},"end":{}}],"line":51},"5":{"loc":{"start":{"line":66,"column":12},"end":{"line":70,"column":null}},"type":"if","locations":[{"start":{"line":66,"column":12},"end":{"line":70,"column":null}},{"start":{},"end":{}}],"line":66},"6":{"loc":{"start":{"line":72,"column":31},"end":{"line":72,"column":null}},"type":"binary-expr","locations":[{"start":{"line":72,"column":31},"end":{"line":72,"column":56}},{"start":{"line":72,"column":56},"end":{"line":72,"column":null}}],"line":72},"7":{"loc":{"start":{"line":76,"column":42},"end":{"line":76,"column":null}},"type":"binary-expr","locations":[{"start":{"line":76,"column":42},"end":{"line":76,"column":70}},{"start":{"line":76,"column":70},"end":{"line":76,"column":null}}],"line":76},"8":{"loc":{"start":{"line":84,"column":25},"end":{"line":84,"column":null}},"type":"binary-expr","locations":[{"start":{"line":84,"column":25},"end":{"line":84,"column":86}},{"start":{"line":84,"column":86},"end":{"line":84,"column":null}}],"line":84},"9":{"loc":{"start":{"line":96,"column":4},"end":{"line":98,"column":null}},"type":"if","locations":[{"start":{"line":96,"column":4},"end":{"line":98,"column":null}},{"start":{},"end":{}}],"line":96},"10":{"loc":{"start":{"line":96,"column":8},"end":{"line":96,"column":38}},"type":"binary-expr","locations":[{"start":{"line":96,"column":8},"end":{"line":96,"column":23}},{"start":{"line":96,"column":23},"end":{"line":96,"column":38}}],"line":96},"11":{"loc":{"start":{"line":131,"column":70},"end":{"line":131,"column":118}},"type":"cond-expr","locations":[{"start":{"line":131,"column":95},"end":{"line":131,"column":107}},{"start":{"line":131,"column":107},"end":{"line":131,"column":118}}],"line":131}},"s":{"0":4,"1":4,"2":4,"3":4,"4":4,"5":4,"6":4,"7":4,"8":4,"9":0,"10":4,"11":4,"12":4,"13":4,"14":4,"15":4,"16":4,"17":0,"18":4,"19":4,"20":4,"21":4,"22":4,"23":4,"24":4,"25":4,"26":4,"27":4,"28":4,"29":4,"30":4,"31":4,"32":4,"33":0,"34":4,"35":0,"36":4,"37":0,"38":0},"f":{"0":4,"1":4,"2":4,"3":4,"4":4,"5":4,"6":4,"7":4,"8":4,"9":0,"10":0,"11":0},"b":{"0":[0,4],"1":[4,4],"2":[0,4],"3":[4,4],"4":[4,0],"5":[0,4],"6":[4,0],"7":[4,0],"8":[4,4],"9":[0,4],"10":[4,4],"11":[0,0]},"meta":{"lastBranch":12,"lastFunction":12,"lastStatement":39,"seen":{"f:15:16:15:35":0,"s:17:10:17:Infinity":0,"s:19:10:25:Infinity":1,"f:20:8:20:14":1,"s:20:8:23:Infinity":2,"s:26:57:26:Infinity":3,"s:28:10:31:Infinity":4,"f:29:8:29:14":2,"s:29:8:29:Infinity":5,"s:32:51:32:Infinity":6,"s:34:10:94:Infinity":7,"f:34:25:34:31":3,"b:35:8:35:Infinity:undefined:undefined:undefined:undefined":0,"s:35:8:35:Infinity":8,"b:35:12:35:31:35:31:35:40":1,"s:35:40:35:Infinity":9,"s:42:141:42:Infinity":10,"s:44:8:79:Infinity":11,"f:44:31:44:40":4,"s:45:26:45:Infinity":12,"f:45:38:45:43":5,"s:45:43:45:65":13,"s:46:30:46:Infinity":14,"f:46:53:46:59":6,"s:46:59:46:86":15,"b:48:12:48:Infinity:undefined:undefined:undefined:undefined":2,"s:48:12:48:Infinity":16,"b:48:16:48:26:48:26:48:38":3,"s:48:38:48:Infinity":17,"s:50:24:50:Infinity":18,"b:51:12:59:Infinity:undefined:undefined:undefined:undefined":4,"s:51:12:59:Infinity":19,"s:52:16:58:Infinity":20,"s:65:27:65:Infinity":21,"b:66:12:70:Infinity:undefined:undefined:undefined:undefined":5,"s:66:12:70:Infinity":22,"s:72:31:72:Infinity":23,"b:72:31:72:56:72:56:72:Infinity":6,"s:73:31:73:Infinity":24,"s:74:27:74:Infinity":25,"s:76:12:76:Infinity":26,"b:76:42:76:70:76:70:76:Infinity":7,"s:77:12:77:Infinity":27,"s:78:12:78:Infinity":28,"s:82:23:86:Infinity":29,"f:82:50:82:59":7,"s:82:59:86:10":30,"b:84:25:84:86:84:86:84:Infinity":8,"s:89:8:92:Infinity":31,"f:90:20:90:25":8,"s:90:25:90:38":32,"f:91:18:91:19":9,"s:91:28:91:57":33,"b:96:4:98:Infinity:undefined:undefined:undefined:undefined":9,"s:96:4:98:Infinity":34,"b:96:8:96:23:96:23:96:38":10,"s:97:8:97:Infinity":35,"s:100:4:138:Infinity":36,"f:127:43:127:44":10,"s:127:62:127:Infinity":37,"f:130:42:130:43":11,"s:131:36:131:Infinity":38,"b:131:95:131:107:131:107:131:118":11}}},"/Users/Dileepa/Personal/DEEZ/deez-factory-flow/src/components/dashboard/ai-suggestions.tsx":{"path":"/Users/Dileepa/Personal/DEEZ/deez-factory-flow/src/components/dashboard/ai-suggestions.tsx","statementMap":{"0":{"start":{"line":15,"column":36},"end":{"line":15,"column":null}},"1":{"start":{"line":16,"column":32},"end":{"line":16,"column":null}},"2":{"start":{"line":17,"column":24},"end":{"line":17,"column":null}},"3":{"start":{"line":20,"column":8},"end":{"line":28,"column":null}},"4":{"start":{"line":21,"column":4},"end":{"line":21,"column":null}},"5":{"start":{"line":21,"column":20},"end":{"line":21,"column":null}},"6":{"start":{"line":22,"column":22},"end":{"line":22,"column":null}},"7":{"start":{"line":23,"column":4},"end":{"line":23,"column":null}},"8":{"start":{"line":24,"column":4},"end":{"line":27,"column":null}},"9":{"start":{"line":30,"column":58},"end":{"line":30,"column":null}},"10":{"start":{"line":32,"column":27},"end":{"line":57,"column":null}},"11":{"start":{"line":33,"column":4},"end":{"line":36,"column":null}},"12":{"start":{"line":34,"column":6},"end":{"line":34,"column":null}},"13":{"start":{"line":35,"column":6},"end":{"line":35,"column":null}},"14":{"start":{"line":38,"column":4},"end":{"line":42,"column":null}},"15":{"start":{"line":39,"column":8},"end":{"line":39,"column":null}},"16":{"start":{"line":40,"column":8},"end":{"line":40,"column":null}},"17":{"start":{"line":41,"column":8},"end":{"line":41,"column":null}},"18":{"start":{"line":44,"column":4},"end":{"line":44,"column":null}},"19":{"start":{"line":45,"column":4},"end":{"line":45,"column":null}},"20":{"start":{"line":47,"column":4},"end":{"line":56,"column":null}},"21":{"start":{"line":48,"column":27},"end":{"line":48,"column":null}},"22":{"start":{"line":49,"column":21},"end":{"line":49,"column":null}},"23":{"start":{"line":50,"column":6},"end":{"line":50,"column":null}},"24":{"start":{"line":52,"column":6},"end":{"line":52,"column":null}},"25":{"start":{"line":53,"column":6},"end":{"line":53,"column":null}},"26":{"start":{"line":55,"column":6},"end":{"line":55,"column":null}},"27":{"start":{"line":59,"column":24},"end":{"line":106,"column":null}},"28":{"start":{"line":60,"column":4},"end":{"line":67,"column":null}},"29":{"start":{"line":61,"column":6},"end":{"line":65,"column":null}},"30":{"start":{"line":69,"column":4},"end":{"line":78,"column":null}},"31":{"start":{"line":70,"column":6},"end":{"line":76,"column":null}},"32":{"start":{"line":80,"column":4},"end":{"line":94,"column":null}},"33":{"start":{"line":81,"column":6},"end":{"line":92,"column":null}},"34":{"start":{"line":86,"column":14},"end":{"line":86,"column":null}},"35":{"start":{"line":96,"column":4},"end":{"line":104,"column":null}},"36":{"start":{"line":108,"column":2},"end":{"line":117,"column":null}}},"fnMap":{"0":{"name":"AISuggestions","decl":{"start":{"line":14,"column":16},"end":{"line":14,"column":32}},"loc":{"start":{"line":14,"column":32},"end":{"line":119,"column":null}},"line":14},"1":{"name":"(anonymous_1)","decl":{"start":{"line":20,"column":42},"end":{"line":20,"column":48}},"loc":{"start":{"line":20,"column":48},"end":{"line":28,"column":5}},"line":20},"2":{"name":"(anonymous_2)","decl":{"start":{"line":32,"column":27},"end":{"line":32,"column":39}},"loc":{"start":{"line":32,"column":39},"end":{"line":57,"column":null}},"line":32},"3":{"name":"(anonymous_3)","decl":{"start":{"line":59,"column":24},"end":{"line":59,"column":30}},"loc":{"start":{"line":59,"column":30},"end":{"line":106,"column":null}},"line":59},"4":{"name":"(anonymous_4)","decl":{"start":{"line":85,"column":41},"end":{"line":85,"column":42}},"loc":{"start":{"line":86,"column":14},"end":{"line":86,"column":null}},"line":86}},"branchMap":{"0":{"loc":{"start":{"line":21,"column":4},"end":{"line":21,"column":null}},"type":"if","locations":[{"start":{"line":21,"column":4},"end":{"line":21,"column":null}},{"start":{},"end":{}}],"line":21},"1":{"loc":{"start":{"line":33,"column":4},"end":{"line":36,"column":null}},"type":"if","locations":[{"start":{"line":33,"column":4},"end":{"line":36,"column":null}},{"start":{},"end":{}}],"line":33},"2":{"loc":{"start":{"line":38,"column":4},"end":{"line":42,"column":null}},"type":"if","locations":[{"start":{"line":38,"column":4},"end":{"line":42,"column":null}},{"start":{},"end":{}}],"line":38},"3":{"loc":{"start":{"line":60,"column":4},"end":{"line":67,"column":null}},"type":"if","locations":[{"start":{"line":60,"column":4},"end":{"line":67,"column":null}},{"start":{},"end":{}}],"line":60},"4":{"loc":{"start":{"line":69,"column":4},"end":{"line":78,"column":null}},"type":"if","locations":[{"start":{"line":69,"column":4},"end":{"line":78,"column":null}},{"start":{},"end":{}}],"line":69},"5":{"loc":{"start":{"line":80,"column":4},"end":{"line":94,"column":null}},"type":"if","locations":[{"start":{"line":80,"column":4},"end":{"line":94,"column":null}},{"start":{},"end":{}}],"line":80},"6":{"loc":{"start":{"line":101,"column":17},"end":{"line":101,"column":null}},"type":"binary-expr","locations":[{"start":{"line":101,"column":17},"end":{"line":101,"column":32}},{"start":{"line":101,"column":32},"end":{"line":101,"column":null}}],"line":101},"7":{"loc":{"start":{"line":102,"column":17},"end":{"line":102,"column":null}},"type":"cond-expr","locations":[{"start":{"line":102,"column":31},"end":{"line":102,"column":64}},{"start":{"line":102,"column":64},"end":{"line":102,"column":null}}],"line":102}},"s":{"0":13,"1":13,"2":13,"3":13,"4":13,"5":0,"6":13,"7":13,"8":13,"9":13,"10":13,"11":4,"12":0,"13":0,"14":4,"15":1,"16":1,"17":1,"18":3,"19":3,"20":3,"21":3,"22":3,"23":1,"24":1,"25":1,"26":2,"27":13,"28":13,"29":3,"30":10,"31":2,"32":8,"33":1,"34":2,"35":7,"36":13},"f":{"0":13,"1":13,"2":4,"3":13,"4":2},"b":{"0":[0,13],"1":[0,4],"2":[1,3],"3":[3,10],"4":[2,8],"5":[1,7],"6":[7,0],"7":[0,7]},"meta":{"lastBranch":8,"lastFunction":5,"lastStatement":37,"seen":{"f:14:16:14:32":0,"s:15:36:15:Infinity":0,"s:16:32:16:Infinity":1,"s:17:24:17:Infinity":2,"s:20:8:28:Infinity":3,"f:20:42:20:48":1,"b:21:4:21:Infinity:undefined:undefined:undefined:undefined":0,"s:21:4:21:Infinity":4,"s:21:20:21:Infinity":5,"s:22:22:22:Infinity":6,"s:23:4:23:Infinity":7,"s:24:4:27:Infinity":8,"s:30:58:30:Infinity":9,"s:32:27:57:Infinity":10,"f:32:27:32:39":2,"b:33:4:36:Infinity:undefined:undefined:undefined:undefined":1,"s:33:4:36:Infinity":11,"s:34:6:34:Infinity":12,"s:35:6:35:Infinity":13,"b:38:4:42:Infinity:undefined:undefined:undefined:undefined":2,"s:38:4:42:Infinity":14,"s:39:8:39:Infinity":15,"s:40:8:40:Infinity":16,"s:41:8:41:Infinity":17,"s:44:4:44:Infinity":18,"s:45:4:45:Infinity":19,"s:47:4:56:Infinity":20,"s:48:27:48:Infinity":21,"s:49:21:49:Infinity":22,"s:50:6:50:Infinity":23,"s:52:6:52:Infinity":24,"s:53:6:53:Infinity":25,"s:55:6:55:Infinity":26,"s:59:24:106:Infinity":27,"f:59:24:59:30":3,"b:60:4:67:Infinity:undefined:undefined:undefined:undefined":3,"s:60:4:67:Infinity":28,"s:61:6:65:Infinity":29,"b:69:4:78:Infinity:undefined:undefined:undefined:undefined":4,"s:69:4:78:Infinity":30,"s:70:6:76:Infinity":31,"b:80:4:94:Infinity:undefined:undefined:undefined:undefined":5,"s:80:4:94:Infinity":32,"s:81:6:92:Infinity":33,"f:85:41:85:42":4,"s:86:14:86:Infinity":34,"s:96:4:104:Infinity":35,"b:101:17:101:32:101:32:101:Infinity":6,"b:102:31:102:64:102:64:102:Infinity":7,"s:108:2:117:Infinity":36}}},"/Users/Dileepa/Personal/DEEZ/deez-factory-flow/src/components/dashboard/admin-dashboard.tsx":{"path":"/Users/Dileepa/Personal/DEEZ/deez-factory-flow/src/components/dashboard/admin-dashboard.tsx","statementMap":{"0":{"start":{"line":26,"column":10},"end":{"line":29,"column":null}},"1":{"start":{"line":27,"column":8},"end":{"line":27,"column":null}},"2":{"start":{"line":30,"column":28},"end":{"line":30,"column":null}},"3":{"start":{"line":33,"column":10},"end":{"line":36,"column":null}},"4":{"start":{"line":34,"column":8},"end":{"line":34,"column":null}},"5":{"start":{"line":37,"column":25},"end":{"line":37,"column":null}},"6":{"start":{"line":40,"column":10},"end":{"line":40,"column":null}},"7":{"start":{"line":41,"column":10},"end":{"line":48,"column":null}},"8":{"start":{"line":42,"column":8},"end":{"line":46,"column":null}},"9":{"start":{"line":49,"column":33},"end":{"line":49,"column":null}},"10":{"start":{"line":54,"column":10},"end":{"line":93,"column":null}},"11":{"start":{"line":55,"column":31},"end":{"line":55,"column":null}},"12":{"start":{"line":56,"column":34},"end":{"line":56,"column":null}},"13":{"start":{"line":59,"column":24},"end":{"line":59,"column":null}},"14":{"start":{"line":60,"column":24},"end":{"line":60,"column":null}},"15":{"start":{"line":61,"column":33},"end":{"line":61,"column":null}},"16":{"start":{"line":62,"column":33},"end":{"line":62,"column":null}},"17":{"start":{"line":63,"column":35},"end":{"line":63,"column":null}},"18":{"start":{"line":65,"column":14},"end":{"line":65,"column":null}},"19":{"start":{"line":67,"column":8},"end":{"line":79,"column":null}},"20":{"start":{"line":69,"column":12},"end":{"line":69,"column":null}},"21":{"start":{"line":70,"column":12},"end":{"line":70,"column":null}},"22":{"start":{"line":73,"column":27},"end":{"line":73,"column":null}},"23":{"start":{"line":74,"column":12},"end":{"line":78,"column":null}},"24":{"start":{"line":75,"column":16},"end":{"line":75,"column":null}},"25":{"start":{"line":76,"column":16},"end":{"line":76,"column":null}},"26":{"start":{"line":77,"column":16},"end":{"line":77,"column":null}},"27":{"start":{"line":82,"column":32},"end":{"line":82,"column":null}},"28":{"start":{"line":83,"column":32},"end":{"line":83,"column":null}},"29":{"start":{"line":85,"column":8},"end":{"line":92,"column":null}},"30":{"start":{"line":96,"column":10},"end":{"line":125,"column":null}},"31":{"start":{"line":97,"column":8},"end":{"line":97,"column":null}},"32":{"start":{"line":97,"column":40},"end":{"line":97,"column":null}},"33":{"start":{"line":99,"column":24},"end":{"line":99,"column":null}},"34":{"start":{"line":102,"column":8},"end":{"line":105,"column":null}},"35":{"start":{"line":102,"column":21},"end":{"line":102,"column":24}},"36":{"start":{"line":103,"column":18},"end":{"line":103,"column":null}},"37":{"start":{"line":104,"column":12},"end":{"line":104,"column":null}},"38":{"start":{"line":108,"column":8},"end":{"line":122,"column":null}},"39":{"start":{"line":109,"column":18},"end":{"line":109,"column":null}},"40":{"start":{"line":111,"column":12},"end":{"line":121,"column":null}},"41":{"start":{"line":113,"column":30},"end":{"line":113,"column":null}},"42":{"start":{"line":113,"column":47},"end":{"line":113,"column":67}},"43":{"start":{"line":114,"column":34},"end":{"line":114,"column":null}},"44":{"start":{"line":114,"column":64},"end":{"line":114,"column":89}},"45":{"start":{"line":117,"column":35},"end":{"line":117,"column":null}},"46":{"start":{"line":118,"column":22},"end":{"line":118,"column":null}},"47":{"start":{"line":120,"column":16},"end":{"line":120,"column":null}},"48":{"start":{"line":124,"column":8},"end":{"line":124,"column":null}},"49":{"start":{"line":124,"column":69},"end":{"line":124,"column":85}},"50":{"start":{"line":128,"column":4},"end":{"line":241,"column":null}},"51":{"start":{"line":201,"column":134},"end":{"line":201,"column":147}}},"fnMap":{"0":{"name":"AdminDashboard","decl":{"start":{"line":22,"column":16},"end":{"line":22,"column":33}},"loc":{"start":{"line":22,"column":33},"end":{"line":243,"column":null}},"line":22},"1":{"name":"(anonymous_1)","decl":{"start":{"line":27,"column":8},"end":{"line":27,"column":14}},"loc":{"start":{"line":27,"column":8},"end":{"line":27,"column":null}},"line":27},"2":{"name":"(anonymous_2)","decl":{"start":{"line":34,"column":8},"end":{"line":34,"column":14}},"loc":{"start":{"line":34,"column":8},"end":{"line":34,"column":null}},"line":34},"3":{"name":"(anonymous_3)","decl":{"start":{"line":42,"column":8},"end":{"line":42,"column":14}},"loc":{"start":{"line":42,"column":8},"end":{"line":46,"column":null}},"line":42},"4":{"name":"(anonymous_4)","decl":{"start":{"line":54,"column":26},"end":{"line":54,"column":32}},"loc":{"start":{"line":54,"column":32},"end":{"line":93,"column":7}},"line":54},"5":{"name":"(anonymous_5)","decl":{"start":{"line":67,"column":27},"end":{"line":67,"column":33}},"loc":{"start":{"line":67,"column":33},"end":{"line":79,"column":9}},"line":67},"6":{"name":"(anonymous_6)","decl":{"start":{"line":96,"column":30},"end":{"line":96,"column":36}},"loc":{"start":{"line":96,"column":36},"end":{"line":125,"column":7}},"line":96},"7":{"name":"(anonymous_7)","decl":{"start":{"line":108,"column":31},"end":{"line":108,"column":38}},"loc":{"start":{"line":108,"column":38},"end":{"line":122,"column":9}},"line":108},"8":{"name":"(anonymous_8)","decl":{"start":{"line":113,"column":42},"end":{"line":113,"column":47}},"loc":{"start":{"line":113,"column":47},"end":{"line":113,"column":67}},"line":113},"9":{"name":"(anonymous_9)","decl":{"start":{"line":114,"column":58},"end":{"line":114,"column":64}},"loc":{"start":{"line":114,"column":64},"end":{"line":114,"column":89}},"line":114},"10":{"name":"(anonymous_10)","decl":{"start":{"line":124,"column":49},"end":{"line":124,"column":50}},"loc":{"start":{"line":124,"column":69},"end":{"line":124,"column":85}},"line":124},"11":{"name":"(anonymous_11)","decl":{"start":{"line":201,"column":123},"end":{"line":201,"column":124}},"loc":{"start":{"line":201,"column":134},"end":{"line":201,"column":147}},"line":201}},"branchMap":{"0":{"loc":{"start":{"line":55,"column":31},"end":{"line":55,"column":null}},"type":"binary-expr","locations":[{"start":{"line":55,"column":31},"end":{"line":55,"column":52}},{"start":{"line":55,"column":52},"end":{"line":55,"column":null}}],"line":55},"1":{"loc":{"start":{"line":56,"column":34},"end":{"line":56,"column":null}},"type":"binary-expr","locations":[{"start":{"line":56,"column":34},"end":{"line":56,"column":52}},{"start":{"line":56,"column":52},"end":{"line":56,"column":null}}],"line":56},"2":{"loc":{"start":{"line":69,"column":26},"end":{"line":69,"column":null}},"type":"binary-expr","locations":[{"start":{"line":69,"column":26},"end":{"line":69,"column":51}},{"start":{"line":69,"column":51},"end":{"line":69,"column":null}}],"line":69},"3":{"loc":{"start":{"line":70,"column":35},"end":{"line":70,"column":null}},"type":"binary-expr","locations":[{"start":{"line":70,"column":35},"end":{"line":70,"column":52}},{"start":{"line":70,"column":52},"end":{"line":70,"column":null}}],"line":70},"4":{"loc":{"start":{"line":74,"column":12},"end":{"line":78,"column":null}},"type":"if","locations":[{"start":{"line":74,"column":12},"end":{"line":78,"column":null}},{"start":{},"end":{}}],"line":74},"5":{"loc":{"start":{"line":75,"column":30},"end":{"line":75,"column":null}},"type":"binary-expr","locations":[{"start":{"line":75,"column":30},"end":{"line":75,"column":59}},{"start":{"line":75,"column":59},"end":{"line":75,"column":null}}],"line":75},"6":{"loc":{"start":{"line":76,"column":39},"end":{"line":76,"column":null}},"type":"binary-expr","locations":[{"start":{"line":76,"column":39},"end":{"line":76,"column":67}},{"start":{"line":76,"column":67},"end":{"line":76,"column":null}}],"line":76},"7":{"loc":{"start":{"line":82,"column":32},"end":{"line":82,"column":null}},"type":"cond-expr","locations":[{"start":{"line":82,"column":53},"end":{"line":82,"column":91}},{"start":{"line":82,"column":91},"end":{"line":82,"column":null}}],"line":82},"8":{"loc":{"start":{"line":83,"column":32},"end":{"line":83,"column":null}},"type":"cond-expr","locations":[{"start":{"line":83,"column":59},"end":{"line":83,"column":103}},{"start":{"line":83,"column":103},"end":{"line":83,"column":null}}],"line":83},"9":{"loc":{"start":{"line":97,"column":8},"end":{"line":97,"column":null}},"type":"if","locations":[{"start":{"line":97,"column":8},"end":{"line":97,"column":null}},{"start":{},"end":{}}],"line":97},"10":{"loc":{"start":{"line":97,"column":12},"end":{"line":97,"column":40}},"type":"binary-expr","locations":[{"start":{"line":97,"column":12},"end":{"line":97,"column":31}},{"start":{"line":97,"column":31},"end":{"line":97,"column":40}}],"line":97},"11":{"loc":{"start":{"line":111,"column":12},"end":{"line":121,"column":null}},"type":"if","locations":[{"start":{"line":111,"column":12},"end":{"line":121,"column":null}},{"start":{},"end":{}}],"line":111},"12":{"loc":{"start":{"line":117,"column":35},"end":{"line":117,"column":null}},"type":"binary-expr","locations":[{"start":{"line":117,"column":35},"end":{"line":117,"column":61}},{"start":{"line":117,"column":61},"end":{"line":117,"column":null}}],"line":117},"13":{"loc":{"start":{"line":118,"column":39},"end":{"line":118,"column":71}},"type":"binary-expr","locations":[{"start":{"line":118,"column":39},"end":{"line":118,"column":65}},{"start":{"line":118,"column":65},"end":{"line":118,"column":71}}],"line":118},"14":{"loc":{"start":{"line":120,"column":35},"end":{"line":120,"column":61}},"type":"binary-expr","locations":[{"start":{"line":120,"column":35},"end":{"line":120,"column":56}},{"start":{"line":120,"column":56},"end":{"line":120,"column":61}}],"line":120}},"s":{"0":2,"1":2,"2":2,"3":2,"4":2,"5":2,"6":2,"7":2,"8":2,"9":2,"10":2,"11":2,"12":2,"13":2,"14":2,"15":2,"16":2,"17":2,"18":2,"19":2,"20":4,"21":4,"22":4,"23":4,"24":0,"25":0,"26":0,"27":2,"28":2,"29":2,"30":2,"31":2,"32":0,"33":2,"34":2,"35":2,"36":14,"37":14,"38":2,"39":2,"40":2,"41":2,"42":2,"43":2,"44":2,"45":2,"46":2,"47":2,"48":2,"49":14,"50":2,"51":0},"f":{"0":2,"1":2,"2":2,"3":2,"4":2,"5":4,"6":2,"7":2,"8":2,"9":2,"10":14,"11":0},"b":{"0":[2,0],"1":[2,0],"2":[4,4],"3":[4,2],"4":[0,4],"5":[0,0],"6":[0,0],"7":[2,0],"8":[0,2],"9":[0,2],"10":[2,2],"11":[2,0],"12":[2,0],"13":[2,0],"14":[2,2]},"meta":{"lastBranch":15,"lastFunction":12,"lastStatement":52,"seen":{"f:22:16:22:33":0,"s:26:10:29:Infinity":0,"f:27:8:27:14":1,"s:27:8:27:Infinity":1,"s:30:28:30:Infinity":2,"s:33:10:36:Infinity":3,"f:34:8:34:14":2,"s:34:8:34:Infinity":4,"s:37:25:37:Infinity":5,"s:40:10:40:Infinity":6,"s:41:10:48:Infinity":7,"f:42:8:42:14":3,"s:42:8:46:Infinity":8,"s:49:33:49:Infinity":9,"s:54:10:93:Infinity":10,"f:54:26:54:32":4,"s:55:31:55:Infinity":11,"b:55:31:55:52:55:52:55:Infinity":0,"s:56:34:56:Infinity":12,"b:56:34:56:52:56:52:56:Infinity":1,"s:59:24:59:Infinity":13,"s:60:24:60:Infinity":14,"s:61:33:61:Infinity":15,"s:62:33:62:Infinity":16,"s:63:35:63:Infinity":17,"s:65:14:65:Infinity":18,"s:67:8:79:Infinity":19,"f:67:27:67:33":5,"s:69:12:69:Infinity":20,"b:69:26:69:51:69:51:69:Infinity":2,"s:70:12:70:Infinity":21,"b:70:35:70:52:70:52:70:Infinity":3,"s:73:27:73:Infinity":22,"b:74:12:78:Infinity:undefined:undefined:undefined:undefined":4,"s:74:12:78:Infinity":23,"s:75:16:75:Infinity":24,"b:75:30:75:59:75:59:75:Infinity":5,"s:76:16:76:Infinity":25,"b:76:39:76:67:76:67:76:Infinity":6,"s:77:16:77:Infinity":26,"s:82:32:82:Infinity":27,"b:82:53:82:91:82:91:82:Infinity":7,"s:83:32:83:Infinity":28,"b:83:59:83:103:83:103:83:Infinity":8,"s:85:8:92:Infinity":29,"s:96:10:125:Infinity":30,"f:96:30:96:36":6,"b:97:8:97:Infinity:undefined:undefined:undefined:undefined":9,"s:97:8:97:Infinity":31,"b:97:12:97:31:97:31:97:40":10,"s:97:40:97:Infinity":32,"s:99:24:99:Infinity":33,"s:102:8:105:Infinity":34,"s:102:21:102:24":35,"s:103:18:103:Infinity":36,"s:104:12:104:Infinity":37,"s:108:8:122:Infinity":38,"f:108:31:108:38":7,"s:109:18:109:Infinity":39,"b:111:12:121:Infinity:undefined:undefined:undefined:undefined":11,"s:111:12:121:Infinity":40,"s:113:30:113:Infinity":41,"f:113:42:113:47":8,"s:113:47:113:67":42,"s:114:34:114:Infinity":43,"f:114:58:114:64":9,"s:114:64:114:89":44,"s:117:35:117:Infinity":45,"b:117:35:117:61:117:61:117:Infinity":12,"s:118:22:118:Infinity":46,"b:118:39:118:65:118:65:118:71":13,"s:120:16:120:Infinity":47,"b:120:35:120:56:120:56:120:61":14,"s:124:8:124:Infinity":48,"f:124:49:124:50":10,"s:124:69:124:85":49,"s:128:4:241:Infinity":50,"f:201:123:201:124":11,"s:201:134:201:147":51}}},"/Users/Dileepa/Personal/DEEZ/deez-factory-flow/src/components/dashboard/hourly-efficiency-chart.tsx":{"path":"/Users/Dileepa/Personal/DEEZ/deez-factory-flow/src/components/dashboard/hourly-efficiency-chart.tsx","statementMap":{"0":{"start":{"line":15,"column":25},"end":{"line":30,"column":null}},"1":{"start":{"line":32,"column":29},"end":{"line":44,"column":null}},"2":{"start":{"line":33,"column":4},"end":{"line":33,"column":null}},"3":{"start":{"line":33,"column":16},"end":{"line":33,"column":null}},"4":{"start":{"line":34,"column":4},"end":{"line":43,"column":null}},"5":{"start":{"line":35,"column":29},"end":{"line":35,"column":null}},"6":{"start":{"line":36,"column":33},"end":{"line":36,"column":null}},"7":{"start":{"line":37,"column":29},"end":{"line":37,"column":null}},"8":{"start":{"line":38,"column":26},"end":{"line":38,"column":null}},"9":{"start":{"line":39,"column":24},"end":{"line":39,"column":null}},"10":{"start":{"line":40,"column":8},"end":{"line":40,"column":null}},"11":{"start":{"line":42,"column":8},"end":{"line":42,"column":null}},"12":{"start":{"line":47,"column":10},"end":{"line":47,"column":null}},"13":{"start":{"line":49,"column":10},"end":{"line":55,"column":null}},"14":{"start":{"line":50,"column":8},"end":{"line":53,"column":null}},"15":{"start":{"line":56,"column":57},"end":{"line":56,"column":null}},"16":{"start":{"line":58,"column":10},"end":{"line":61,"column":null}},"17":{"start":{"line":59,"column":8},"end":{"line":59,"column":null}},"18":{"start":{"line":62,"column":51},"end":{"line":62,"column":null}},"19":{"start":{"line":64,"column":10},"end":{"line":132,"column":null}},"20":{"start":{"line":65,"column":8},"end":{"line":65,"column":null}},"21":{"start":{"line":65,"column":40},"end":{"line":65,"column":null}},"22":{"start":{"line":67,"column":85},"end":{"line":67,"column":null}},"23":{"start":{"line":70,"column":8},"end":{"line":72,"column":null}},"24":{"start":{"line":71,"column":12},"end":{"line":71,"column":null}},"25":{"start":{"line":74,"column":8},"end":{"line":92,"column":null}},"26":{"start":{"line":75,"column":26},"end":{"line":75,"column":null}},"27":{"start":{"line":76,"column":12},"end":{"line":76,"column":null}},"28":{"start":{"line":76,"column":49},"end":{"line":76,"column":null}},"29":{"start":{"line":79,"column":26},"end":{"line":79,"column":null}},"30":{"start":{"line":79,"column":43},"end":{"line":79,"column":65}},"31":{"start":{"line":80,"column":30},"end":{"line":80,"column":null}},"32":{"start":{"line":80,"column":59},"end":{"line":80,"column":86}},"33":{"start":{"line":81,"column":24},"end":{"line":81,"column":null}},"34":{"start":{"line":83,"column":29},"end":{"line":83,"column":null}},"35":{"start":{"line":84,"column":27},"end":{"line":84,"column":null}},"36":{"start":{"line":95,"column":8},"end":{"line":112,"column":null}},"37":{"start":{"line":96,"column":31},"end":{"line":96,"column":null}},"38":{"start":{"line":96,"column":58},"end":{"line":96,"column":80}},"39":{"start":{"line":97,"column":36},"end":{"line":97,"column":null}},"40":{"start":{"line":97,"column":64},"end":{"line":97,"column":76}},"41":{"start":{"line":98,"column":29},"end":{"line":98,"column":null}},"42":{"start":{"line":99,"column":12},"end":{"line":99,"column":null}},"43":{"start":{"line":102,"column":12},"end":{"line":111,"column":null}},"44":{"start":{"line":103,"column":30},"end":{"line":103,"column":null}},"45":{"start":{"line":103,"column":47},"end":{"line":103,"column":69}},"46":{"start":{"line":104,"column":34},"end":{"line":104,"column":null}},"47":{"start":{"line":104,"column":63},"end":{"line":104,"column":90}},"48":{"start":{"line":107,"column":35},"end":{"line":107,"column":null}},"49":{"start":{"line":108,"column":35},"end":{"line":108,"column":null}},"50":{"start":{"line":110,"column":16},"end":{"line":110,"column":null}},"51":{"start":{"line":114,"column":8},"end":{"line":130,"column":null}},"52":{"start":{"line":115,"column":25},"end":{"line":115,"column":null}},"53":{"start":{"line":116,"column":31},"end":{"line":116,"column":null}},"54":{"start":{"line":119,"column":12},"end":{"line":123,"column":null}},"55":{"start":{"line":129,"column":12},"end":{"line":129,"column":null}},"56":{"start":{"line":134,"column":4},"end":{"line":136,"column":null}},"57":{"start":{"line":135,"column":8},"end":{"line":135,"column":null}},"58":{"start":{"line":138,"column":4},"end":{"line":185,"column":null}},"59":{"start":{"line":161,"column":58},"end":{"line":161,"column":null}},"60":{"start":{"line":170,"column":62},"end":{"line":170,"column":null}}},"fnMap":{"0":{"name":"(anonymous_0)","decl":{"start":{"line":32,"column":29},"end":{"line":32,"column":30}},"loc":{"start":{"line":32,"column":56},"end":{"line":44,"column":null}},"line":32},"1":{"name":"HourlyEfficiencyChart","decl":{"start":{"line":46,"column":16},"end":{"line":46,"column":38}},"loc":{"start":{"line":46,"column":77},"end":{"line":187,"column":null}},"line":46},"2":{"name":"(anonymous_2)","decl":{"start":{"line":50,"column":8},"end":{"line":50,"column":14}},"loc":{"start":{"line":50,"column":8},"end":{"line":53,"column":null}},"line":50},"3":{"name":"(anonymous_3)","decl":{"start":{"line":59,"column":8},"end":{"line":59,"column":14}},"loc":{"start":{"line":59,"column":8},"end":{"line":59,"column":null}},"line":59},"4":{"name":"(anonymous_4)","decl":{"start":{"line":64,"column":30},"end":{"line":64,"column":36}},"loc":{"start":{"line":64,"column":36},"end":{"line":132,"column":7}},"line":64},"5":{"name":"(anonymous_5)","decl":{"start":{"line":70,"column":33},"end":{"line":70,"column":41}},"loc":{"start":{"line":70,"column":41},"end":{"line":72,"column":9}},"line":70},"6":{"name":"(anonymous_6)","decl":{"start":{"line":74,"column":31},"end":{"line":74,"column":40}},"loc":{"start":{"line":74,"column":40},"end":{"line":92,"column":9}},"line":74},"7":{"name":"(anonymous_7)","decl":{"start":{"line":79,"column":38},"end":{"line":79,"column":43}},"loc":{"start":{"line":79,"column":43},"end":{"line":79,"column":65}},"line":79},"8":{"name":"(anonymous_8)","decl":{"start":{"line":80,"column":53},"end":{"line":80,"column":59}},"loc":{"start":{"line":80,"column":59},"end":{"line":80,"column":86}},"line":80},"9":{"name":"(anonymous_9)","decl":{"start":{"line":95,"column":33},"end":{"line":95,"column":41}},"loc":{"start":{"line":95,"column":41},"end":{"line":112,"column":9}},"line":95},"10":{"name":"(anonymous_10)","decl":{"start":{"line":96,"column":53},"end":{"line":96,"column":58}},"loc":{"start":{"line":96,"column":58},"end":{"line":96,"column":80}},"line":96},"11":{"name":"(anonymous_11)","decl":{"start":{"line":97,"column":59},"end":{"line":97,"column":64}},"loc":{"start":{"line":97,"column":64},"end":{"line":97,"column":76}},"line":97},"12":{"name":"(anonymous_12)","decl":{"start":{"line":102,"column":31},"end":{"line":102,"column":40}},"loc":{"start":{"line":102,"column":40},"end":{"line":111,"column":13}},"line":102},"13":{"name":"(anonymous_13)","decl":{"start":{"line":103,"column":42},"end":{"line":103,"column":47}},"loc":{"start":{"line":103,"column":47},"end":{"line":103,"column":69}},"line":103},"14":{"name":"(anonymous_14)","decl":{"start":{"line":104,"column":57},"end":{"line":104,"column":63}},"loc":{"start":{"line":104,"column":63},"end":{"line":104,"column":90}},"line":104},"15":{"name":"(anonymous_15)","decl":{"start":{"line":114,"column":36},"end":{"line":114,"column":44}},"loc":{"start":{"line":114,"column":44},"end":{"line":124,"column":9}},"line":114},"16":{"name":"(anonymous_16)","decl":{"start":{"line":124,"column":18},"end":{"line":124,"column":26}},"loc":{"start":{"line":124,"column":26},"end":{"line":130,"column":9}},"line":124},"17":{"name":"(anonymous_17)","decl":{"start":{"line":161,"column":47},"end":{"line":161,"column":48}},"loc":{"start":{"line":161,"column":58},"end":{"line":161,"column":null}},"line":161},"18":{"name":"(anonymous_18)","decl":{"start":{"line":170,"column":43},"end":{"line":170,"column":44}},"loc":{"start":{"line":170,"column":62},"end":{"line":170,"column":null}},"line":170}},"branchMap":{"0":{"loc":{"start":{"line":33,"column":4},"end":{"line":33,"column":null}},"type":"if","locations":[{"start":{"line":33,"column":4},"end":{"line":33,"column":null}},{"start":{},"end":{}}],"line":33},"1":{"loc":{"start":{"line":65,"column":8},"end":{"line":65,"column":null}},"type":"if","locations":[{"start":{"line":65,"column":8},"end":{"line":65,"column":null}},{"start":{},"end":{}}],"line":65},"2":{"loc":{"start":{"line":65,"column":12},"end":{"line":65,"column":40}},"type":"binary-expr","locations":[{"start":{"line":65,"column":12},"end":{"line":65,"column":31}},{"start":{"line":65,"column":31},"end":{"line":65,"column":40}}],"line":65},"3":{"loc":{"start":{"line":76,"column":12},"end":{"line":76,"column":null}},"type":"if","locations":[{"start":{"line":76,"column":12},"end":{"line":76,"column":null}},{"start":{},"end":{}}],"line":76},"4":{"loc":{"start":{"line":76,"column":16},"end":{"line":76,"column":49}},"type":"binary-expr","locations":[{"start":{"line":76,"column":16},"end":{"line":76,"column":26}},{"start":{"line":76,"column":26},"end":{"line":76,"column":49}}],"line":76},"5":{"loc":{"start":{"line":81,"column":24},"end":{"line":81,"column":null}},"type":"binary-expr","locations":[{"start":{"line":81,"column":24},"end":{"line":81,"column":42}},{"start":{"line":81,"column":42},"end":{"line":81,"column":null}}],"line":81},"6":{"loc":{"start":{"line":83,"column":29},"end":{"line":83,"column":null}},"type":"binary-expr","locations":[{"start":{"line":83,"column":29},"end":{"line":83,"column":57}},{"start":{"line":83,"column":57},"end":{"line":83,"column":null}}],"line":83},"7":{"loc":{"start":{"line":107,"column":35},"end":{"line":107,"column":null}},"type":"binary-expr","locations":[{"start":{"line":107,"column":35},"end":{"line":107,"column":61}},{"start":{"line":107,"column":61},"end":{"line":107,"column":null}}],"line":107},"8":{"loc":{"start":{"line":110,"column":47},"end":{"line":110,"column":80}},"type":"binary-expr","locations":[{"start":{"line":110,"column":47},"end":{"line":110,"column":75}},{"start":{"line":110,"column":75},"end":{"line":110,"column":80}}],"line":110},"9":{"loc":{"start":{"line":116,"column":31},"end":{"line":116,"column":null}},"type":"cond-expr","locations":[{"start":{"line":116,"column":50},"end":{"line":116,"column":85}},{"start":{"line":116,"column":85},"end":{"line":116,"column":null}}],"line":116},"10":{"loc":{"start":{"line":134,"column":4},"end":{"line":136,"column":null}},"type":"if","locations":[{"start":{"line":134,"column":4},"end":{"line":136,"column":null}},{"start":{},"end":{}}],"line":134},"11":{"loc":{"start":{"line":134,"column":8},"end":{"line":134,"column":38}},"type":"binary-expr","locations":[{"start":{"line":134,"column":8},"end":{"line":134,"column":23}},{"start":{"line":134,"column":23},"end":{"line":134,"column":38}}],"line":134}},"s":{"0":2,"1":2,"2":56,"3":0,"4":56,"5":56,"6":56,"7":56,"8":56,"9":56,"10":56,"11":0,"12":4,"13":4,"14":4,"15":4,"16":4,"17":4,"18":4,"19":4,"20":4,"21":0,"22":4,"23":4,"24":56,"25":4,"26":4,"27":4,"28":4,"29":0,"30":0,"31":0,"32":0,"33":4,"34":4,"35":4,"36":4,"37":56,"38":56,"39":56,"40":0,"41":56,"42":56,"43":56,"44":0,"45":0,"46":0,"47":0,"48":0,"49":0,"50":0,"51":4,"52":56,"53":56,"54":56,"55":56,"56":4,"57":0,"58":4,"59":0,"60":0},"f":{"0":56,"1":4,"2":4,"3":4,"4":4,"5":56,"6":4,"7":0,"8":0,"9":56,"10":56,"11":0,"12":0,"13":0,"14":0,"15":56,"16":56,"17":0,"18":0},"b":{"0":[0,56],"1":[0,4],"2":[4,4],"3":[4,0],"4":[4,0],"5":[4,0],"6":[4,0],"7":[0,0],"8":[0,0],"9":[0,56],"10":[0,4],"11":[4,4]},"meta":{"lastBranch":12,"lastFunction":19,"lastStatement":61,"seen":{"s:15:25:30:Infinity":0,"s:32:29:44:Infinity":1,"f:32:29:32:30":0,"b:33:4:33:Infinity:undefined:undefined:undefined:undefined":0,"s:33:4:33:Infinity":2,"s:33:16:33:Infinity":3,"s:34:4:43:Infinity":4,"s:35:29:35:Infinity":5,"s:36:33:36:Infinity":6,"s:37:29:37:Infinity":7,"s:38:26:38:Infinity":8,"s:39:24:39:Infinity":9,"s:40:8:40:Infinity":10,"s:42:8:42:Infinity":11,"f:46:16:46:38":1,"s:47:10:47:Infinity":12,"s:49:10:55:Infinity":13,"f:50:8:50:14":2,"s:50:8:53:Infinity":14,"s:56:57:56:Infinity":15,"s:58:10:61:Infinity":16,"f:59:8:59:14":3,"s:59:8:59:Infinity":17,"s:62:51:62:Infinity":18,"s:64:10:132:Infinity":19,"f:64:30:64:36":4,"b:65:8:65:Infinity:undefined:undefined:undefined:undefined":1,"s:65:8:65:Infinity":20,"b:65:12:65:31:65:31:65:40":2,"s:65:40:65:Infinity":21,"s:67:85:67:Infinity":22,"s:70:8:72:Infinity":23,"f:70:33:70:41":5,"s:71:12:71:Infinity":24,"s:74:8:92:Infinity":25,"f:74:31:74:40":6,"s:75:26:75:Infinity":26,"b:76:12:76:Infinity:undefined:undefined:undefined:undefined":3,"s:76:12:76:Infinity":27,"b:76:16:76:26:76:26:76:49":4,"s:76:49:76:Infinity":28,"s:79:26:79:Infinity":29,"f:79:38:79:43":7,"s:79:43:79:65":30,"s:80:30:80:Infinity":31,"f:80:53:80:59":8,"s:80:59:80:86":32,"s:81:24:81:Infinity":33,"b:81:24:81:42:81:42:81:Infinity":5,"s:83:29:83:Infinity":34,"b:83:29:83:57:83:57:83:Infinity":6,"s:84:27:84:Infinity":35,"s:95:8:112:Infinity":36,"f:95:33:95:41":9,"s:96:31:96:Infinity":37,"f:96:53:96:58":10,"s:96:58:96:80":38,"s:97:36:97:Infinity":39,"f:97:59:97:64":11,"s:97:64:97:76":40,"s:98:29:98:Infinity":41,"s:99:12:99:Infinity":42,"s:102:12:111:Infinity":43,"f:102:31:102:40":12,"s:103:30:103:Infinity":44,"f:103:42:103:47":13,"s:103:47:103:69":45,"s:104:34:104:Infinity":46,"f:104:57:104:63":14,"s:104:63:104:90":47,"s:107:35:107:Infinity":48,"b:107:35:107:61:107:61:107:Infinity":7,"s:108:35:108:Infinity":49,"s:110:16:110:Infinity":50,"b:110:47:110:75:110:75:110:80":8,"s:114:8:130:Infinity":51,"f:114:36:114:44":15,"s:115:25:115:Infinity":52,"s:116:31:116:Infinity":53,"b:116:50:116:85:116:85:116:Infinity":9,"s:119:12:123:Infinity":54,"f:124:18:124:26":16,"s:129:12:129:Infinity":55,"b:134:4:136:Infinity:undefined:undefined:undefined:undefined":10,"s:134:4:136:Infinity":56,"b:134:8:134:23:134:23:134:38":11,"s:135:8:135:Infinity":57,"s:138:4:185:Infinity":58,"f:161:47:161:48":17,"s:161:58:161:Infinity":59,"f:170:43:170:44":18,"s:170:62:170:Infinity":60}}},"/Users/Dileepa/Personal/DEEZ/deez-factory-flow/src/components/dashboard/leaderboard.tsx":{"path":"/Users/Dileepa/Personal/DEEZ/deez-factory-flow/src/components/dashboard/leaderboard.tsx","statementMap":{"0":{"start":{"line":24,"column":22},"end":{"line":24,"column":null}},"1":{"start":{"line":27,"column":8},"end":{"line":30,"column":null}},"2":{"start":{"line":28,"column":4},"end":{"line":28,"column":null}},"3":{"start":{"line":28,"column":20},"end":{"line":28,"column":null}},"4":{"start":{"line":29,"column":4},"end":{"line":29,"column":null}},"5":{"start":{"line":32,"column":55},"end":{"line":32,"column":null}},"6":{"start":{"line":34,"column":8},"end":{"line":63,"column":null}},"7":{"start":{"line":35,"column":4},"end":{"line":37,"column":null}},"8":{"start":{"line":36,"column":6},"end":{"line":36,"column":null}},"9":{"start":{"line":39,"column":50},"end":{"line":60,"column":null}},"10":{"start":{"line":41,"column":25},"end":{"line":41,"column":null}},"11":{"start":{"line":42,"column":8},"end":{"line":52,"column":null}},"12":{"start":{"line":43,"column":34},"end":{"line":43,"column":null}},"13":{"start":{"line":44,"column":10},"end":{"line":44,"column":null}},"14":{"start":{"line":46,"column":22},"end":{"line":46,"column":null}},"15":{"start":{"line":47,"column":23},"end":{"line":47,"column":null}},"16":{"start":{"line":48,"column":16},"end":{"line":48,"column":null}},"17":{"start":{"line":49,"column":27},"end":{"line":49,"column":null}},"18":{"start":{"line":50,"column":36},"end":{"line":50,"column":null}},"19":{"start":{"line":51,"column":10},"end":{"line":51,"column":null}},"20":{"start":{"line":54,"column":8},"end":{"line":57,"column":null}},"21":{"start":{"line":59,"column":22},"end":{"line":59,"column":49}},"22":{"start":{"line":62,"column":4},"end":{"line":62,"column":null}},"23":{"start":{"line":65,"column":20},"end":{"line":65,"column":null}},"24":{"start":{"line":67,"column":2},"end":{"line":93,"column":null}},"25":{"start":{"line":68,"column":4},"end":{"line":91,"column":null}},"26":{"start":{"line":78,"column":12},"end":{"line":88,"column":null}},"27":{"start":{"line":95,"column":2},"end":{"line":151,"column":null}},"28":{"start":{"line":107,"column":53},"end":{"line":107,"column":null}},"29":{"start":{"line":131,"column":16},"end":{"line":145,"column":null}}},"fnMap":{"0":{"name":"OperatorLeaderboard","decl":{"start":{"line":23,"column":16},"end":{"line":23,"column":36}},"loc":{"start":{"line":23,"column":93},"end":{"line":153,"column":null}},"line":23},"1":{"name":"(anonymous_1)","decl":{"start":{"line":27,"column":41},"end":{"line":27,"column":47}},"loc":{"start":{"line":27,"column":47},"end":{"line":30,"column":5}},"line":27},"2":{"name":"(anonymous_2)","decl":{"start":{"line":34,"column":34},"end":{"line":34,"column":40}},"loc":{"start":{"line":34,"column":40},"end":{"line":63,"column":5}},"line":34},"3":{"name":"(anonymous_3)","decl":{"start":{"line":40,"column":11},"end":{"line":40,"column":17}},"loc":{"start":{"line":40,"column":17},"end":{"line":58,"column":7}},"line":40},"4":{"name":"(anonymous_4)","decl":{"start":{"line":59,"column":12},"end":{"line":59,"column":13}},"loc":{"start":{"line":59,"column":22},"end":{"line":59,"column":49}},"line":59},"5":{"name":"(anonymous_5)","decl":{"start":{"line":77,"column":30},"end":{"line":77,"column":31}},"loc":{"start":{"line":78,"column":12},"end":{"line":88,"column":null}},"line":78},"6":{"name":"(anonymous_6)","decl":{"start":{"line":107,"column":42},"end":{"line":107,"column":43}},"loc":{"start":{"line":107,"column":53},"end":{"line":107,"column":null}},"line":107},"7":{"name":"(anonymous_7)","decl":{"start":{"line":130,"column":35},"end":{"line":130,"column":36}},"loc":{"start":{"line":131,"column":16},"end":{"line":145,"column":null}},"line":131}},"branchMap":{"0":{"loc":{"start":{"line":28,"column":4},"end":{"line":28,"column":null}},"type":"if","locations":[{"start":{"line":28,"column":4},"end":{"line":28,"column":null}},{"start":{},"end":{}}],"line":28},"1":{"loc":{"start":{"line":35,"column":4},"end":{"line":37,"column":null}},"type":"if","locations":[{"start":{"line":35,"column":4},"end":{"line":37,"column":null}},{"start":{},"end":{}}],"line":35},"2":{"loc":{"start":{"line":42,"column":8},"end":{"line":52,"column":null}},"type":"if","locations":[{"start":{"line":42,"column":8},"end":{"line":52,"column":null}},{"start":{"line":45,"column":15},"end":{"line":52,"column":null}}],"line":42},"3":{"loc":{"start":{"line":44,"column":23},"end":{"line":44,"column":null}},"type":"cond-expr","locations":[{"start":{"line":44,"column":90},"end":{"line":44,"column":108}},{"start":{"line":44,"column":108},"end":{"line":44,"column":null}}],"line":44},"4":{"loc":{"start":{"line":44,"column":23},"end":{"line":44,"column":90}},"type":"binary-expr","locations":[{"start":{"line":44,"column":23},"end":{"line":44,"column":62}},{"start":{"line":44,"column":62},"end":{"line":44,"column":90}}],"line":44},"5":{"loc":{"start":{"line":51,"column":23},"end":{"line":51,"column":null}},"type":"cond-expr","locations":[{"start":{"line":51,"column":94},"end":{"line":51,"column":114}},{"start":{"line":51,"column":114},"end":{"line":51,"column":null}}],"line":51},"6":{"loc":{"start":{"line":51,"column":23},"end":{"line":51,"column":94}},"type":"binary-expr","locations":[{"start":{"line":51,"column":23},"end":{"line":51,"column":64}},{"start":{"line":51,"column":64},"end":{"line":51,"column":94}}],"line":51},"7":{"loc":{"start":{"line":60,"column":16},"end":{"line":60,"column":26}},"type":"binary-expr","locations":[{"start":{"line":60,"column":16},"end":{"line":60,"column":25}},{"start":{"line":60,"column":25},"end":{"line":60,"column":26}}],"line":60},"8":{"loc":{"start":{"line":67,"column":2},"end":{"line":93,"column":null}},"type":"if","locations":[{"start":{"line":67,"column":2},"end":{"line":93,"column":null}},{"start":{},"end":{}}],"line":67},"9":{"loc":{"start":{"line":70,"column":9},"end":{"line":89,"column":null}},"type":"cond-expr","locations":[{"start":{"line":71,"column":10},"end":{"line":73,"column":null}},{"start":{"line":74,"column":12},"end":{"line":89,"column":null}}],"line":70},"10":{"loc":{"start":{"line":74,"column":12},"end":{"line":89,"column":null}},"type":"cond-expr","locations":[{"start":{"line":75,"column":10},"end":{"line":75,"column":null}},{"start":{"line":77,"column":10},"end":{"line":89,"column":null}}],"line":74},"11":{"loc":{"start":{"line":82,"column":19},"end":{"line":82,"column":null}},"type":"binary-expr","locations":[{"start":{"line":82,"column":19},"end":{"line":82,"column":34}},{"start":{"line":82,"column":34},"end":{"line":82,"column":null}}],"line":82},"12":{"loc":{"start":{"line":82,"column":70},"end":{"line":82,"column":93}},"type":"binary-expr","locations":[{"start":{"line":82,"column":70},"end":{"line":82,"column":81}},{"start":{"line":82,"column":81},"end":{"line":82,"column":93}}],"line":82},"13":{"loc":{"start":{"line":83,"column":55},"end":{"line":83,"column":102}},"type":"binary-expr","locations":[{"start":{"line":83,"column":55},"end":{"line":83,"column":97}},{"start":{"line":83,"column":97},"end":{"line":83,"column":102}}],"line":83},"14":{"loc":{"start":{"line":85,"column":78},"end":{"line":85,"column":99}},"type":"binary-expr","locations":[{"start":{"line":85,"column":78},"end":{"line":85,"column":89}},{"start":{"line":85,"column":89},"end":{"line":85,"column":99}}],"line":85},"15":{"loc":{"start":{"line":101,"column":13},"end":{"line":103,"column":null}},"type":"cond-expr","locations":[{"start":{"line":102,"column":16},"end":{"line":102,"column":null}},{"start":{"line":103,"column":16},"end":{"line":103,"column":null}}],"line":101},"16":{"loc":{"start":{"line":115,"column":9},"end":{"line":148,"column":null}},"type":"cond-expr","locations":[{"start":{"line":116,"column":10},"end":{"line":118,"column":null}},{"start":{"line":119,"column":12},"end":{"line":148,"column":null}}],"line":115},"17":{"loc":{"start":{"line":119,"column":12},"end":{"line":148,"column":null}},"type":"cond-expr","locations":[{"start":{"line":120,"column":10},"end":{"line":120,"column":null}},{"start":{"line":122,"column":10},"end":{"line":148,"column":null}}],"line":119},"18":{"loc":{"start":{"line":135,"column":25},"end":{"line":135,"column":null}},"type":"binary-expr","locations":[{"start":{"line":135,"column":25},"end":{"line":135,"column":40}},{"start":{"line":135,"column":40},"end":{"line":135,"column":null}}],"line":135},"19":{"loc":{"start":{"line":135,"column":76},"end":{"line":135,"column":99}},"type":"binary-expr","locations":[{"start":{"line":135,"column":76},"end":{"line":135,"column":87}},{"start":{"line":135,"column":87},"end":{"line":135,"column":99}}],"line":135},"20":{"loc":{"start":{"line":136,"column":41},"end":{"line":136,"column":88}},"type":"binary-expr","locations":[{"start":{"line":136,"column":41},"end":{"line":136,"column":83}},{"start":{"line":136,"column":83},"end":{"line":136,"column":88}}],"line":136},"21":{"loc":{"start":{"line":139,"column":52},"end":{"line":139,"column":82}},"type":"binary-expr","locations":[{"start":{"line":139,"column":52},"end":{"line":139,"column":63}},{"start":{"line":139,"column":63},"end":{"line":139,"column":82}}],"line":139},"22":{"loc":{"start":{"line":140,"column":70},"end":{"line":140,"column":102}},"type":"binary-expr","locations":[{"start":{"line":140,"column":70},"end":{"line":140,"column":82}},{"start":{"line":140,"column":82},"end":{"line":140,"column":102}}],"line":140}},"s":{"0":2,"1":2,"2":2,"3":0,"4":2,"5":2,"6":2,"7":2,"8":0,"9":2,"10":4,"11":4,"12":4,"13":4,"14":0,"15":0,"16":0,"17":0,"18":0,"19":0,"20":4,"21":2,"22":2,"23":2,"24":2,"25":0,"26":0,"27":2,"28":0,"29":4},"f":{"0":2,"1":2,"2":2,"3":4,"4":2,"5":0,"6":0,"7":4},"b":{"0":[0,2],"1":[0,2],"2":[4,0],"3":[2,2],"4":[4,2],"5":[0,0],"6":[0,0],"7":[2,0],"8":[0,2],"9":[0,0],"10":[0,0],"11":[0,0],"12":[0,0],"13":[0,0],"14":[0,0],"15":[2,0],"16":[0,2],"17":[0,2],"18":[4,0],"19":[0,0],"20":[4,0],"21":[4,0],"22":[4,4]},"meta":{"lastBranch":23,"lastFunction":8,"lastStatement":30,"seen":{"f:23:16:23:36":0,"s:24:22:24:Infinity":0,"s:27:8:30:Infinity":1,"f:27:41:27:47":1,"b:28:4:28:Infinity:undefined:undefined:undefined:undefined":0,"s:28:4:28:Infinity":2,"s:28:20:28:Infinity":3,"s:29:4:29:Infinity":4,"s:32:55:32:Infinity":5,"s:34:8:63:Infinity":6,"f:34:34:34:40":2,"b:35:4:37:Infinity:undefined:undefined:undefined:undefined":1,"s:35:4:37:Infinity":7,"s:36:6:36:Infinity":8,"s:39:50:60:Infinity":9,"f:40:11:40:17":3,"s:41:25:41:Infinity":10,"b:42:8:52:Infinity:45:15:52:Infinity":2,"s:42:8:52:Infinity":11,"s:43:34:43:Infinity":12,"s:44:10:44:Infinity":13,"b:44:90:44:108:44:108:44:Infinity":3,"b:44:23:44:62:44:62:44:90":4,"s:46:22:46:Infinity":14,"s:47:23:47:Infinity":15,"s:48:16:48:Infinity":16,"s:49:27:49:Infinity":17,"s:50:36:50:Infinity":18,"s:51:10:51:Infinity":19,"b:51:94:51:114:51:114:51:Infinity":5,"b:51:23:51:64:51:64:51:94":6,"s:54:8:57:Infinity":20,"f:59:12:59:13":4,"s:59:22:59:49":21,"b:60:16:60:25:60:25:60:26":7,"s:62:4:62:Infinity":22,"s:65:20:65:Infinity":23,"b:67:2:93:Infinity:undefined:undefined:undefined:undefined":8,"s:67:2:93:Infinity":24,"s:68:4:91:Infinity":25,"b:71:10:73:Infinity:74:12:89:Infinity":9,"b:75:10:75:Infinity:77:10:89:Infinity":10,"f:77:30:77:31":5,"s:78:12:88:Infinity":26,"b:82:19:82:34:82:34:82:Infinity":11,"b:82:70:82:81:82:81:82:93":12,"b:83:55:83:97:83:97:83:102":13,"b:85:78:85:89:85:89:85:99":14,"s:95:2:151:Infinity":27,"b:102:16:102:Infinity:103:16:103:Infinity":15,"f:107:42:107:43":6,"s:107:53:107:Infinity":28,"b:116:10:118:Infinity:119:12:148:Infinity":16,"b:120:10:120:Infinity:122:10:148:Infinity":17,"f:130:35:130:36":7,"s:131:16:145:Infinity":29,"b:135:25:135:40:135:40:135:Infinity":18,"b:135:76:135:87:135:87:135:99":19,"b:136:41:136:83:136:83:136:88":20,"b:139:52:139:63:139:63:139:82":21,"b:140:70:140:82:140:82:140:102":22}}},"/Users/Dileepa/Personal/DEEZ/deez-factory-flow/src/components/dashboard/operator-dashboard.tsx":{"path":"/Users/Dileepa/Personal/DEEZ/deez-factory-flow/src/components/dashboard/operator-dashboard.tsx","statementMap":{"0":{"start":{"line":21,"column":39},"end":{"line":21,"column":null}},"1":{"start":{"line":22,"column":51},"end":{"line":22,"column":null}},"2":{"start":{"line":25,"column":8},"end":{"line":25,"column":null}},"3":{"start":{"line":25,"column":45},"end":{"line":25,"column":108}},"4":{"start":{"line":28,"column":55},"end":{"line":28,"column":null}},"5":{"start":{"line":31,"column":14},"end":{"line":31,"column":null}},"6":{"start":{"line":32,"column":15},"end":{"line":32,"column":null}},"7":{"start":{"line":33,"column":16},"end":{"line":33,"column":null}},"8":{"start":{"line":34,"column":19},"end":{"line":34,"column":null}},"9":{"start":{"line":36,"column":23},"end":{"line":36,"column":null}},"10":{"start":{"line":37,"column":29},"end":{"line":37,"column":null}},"11":{"start":{"line":38,"column":21},"end":{"line":38,"column":null}},"12":{"start":{"line":39,"column":36},"end":{"line":39,"column":null}},"13":{"start":{"line":42,"column":8},"end":{"line":42,"column":null}},"14":{"start":{"line":43,"column":21},"end":{"line":43,"column":null}},"15":{"start":{"line":46,"column":8},"end":{"line":46,"column":null}},"16":{"start":{"line":47,"column":8},"end":{"line":47,"column":null}},"17":{"start":{"line":47,"column":40},"end":{"line":47,"column":95}},"18":{"start":{"line":48,"column":26},"end":{"line":48,"column":null}},"19":{"start":{"line":51,"column":8},"end":{"line":51,"column":null}},"20":{"start":{"line":51,"column":41},"end":{"line":51,"column":114}},"21":{"start":{"line":52,"column":30},"end":{"line":52,"column":null}},"22":{"start":{"line":54,"column":8},"end":{"line":54,"column":null}},"23":{"start":{"line":54,"column":45},"end":{"line":54,"column":126}},"24":{"start":{"line":55,"column":34},"end":{"line":55,"column":null}},"25":{"start":{"line":57,"column":21},"end":{"line":57,"column":null}},"26":{"start":{"line":58,"column":22},"end":{"line":58,"column":null}},"27":{"start":{"line":61,"column":8},"end":{"line":65,"column":null}},"28":{"start":{"line":62,"column":5},"end":{"line":64,"column":null}},"29":{"start":{"line":67,"column":24},"end":{"line":67,"column":null}},"30":{"start":{"line":69,"column":8},"end":{"line":77,"column":null}},"31":{"start":{"line":70,"column":4},"end":{"line":70,"column":null}},"32":{"start":{"line":70,"column":18},"end":{"line":70,"column":null}},"33":{"start":{"line":71,"column":10},"end":{"line":71,"column":null}},"34":{"start":{"line":72,"column":4},"end":{"line":76,"column":null}},"35":{"start":{"line":74,"column":17},"end":{"line":74,"column":null}},"36":{"start":{"line":75,"column":6},"end":{"line":75,"column":null}},"37":{"start":{"line":79,"column":20},"end":{"line":79,"column":null}},"38":{"start":{"line":81,"column":2},"end":{"line":87,"column":null}},"39":{"start":{"line":82,"column":4},"end":{"line":85,"column":null}},"40":{"start":{"line":89,"column":2},"end":{"line":91,"column":null}},"41":{"start":{"line":90,"column":4},"end":{"line":90,"column":null}},"42":{"start":{"line":93,"column":2},"end":{"line":103,"column":null}},"43":{"start":{"line":94,"column":4},"end":{"line":101,"column":null}},"44":{"start":{"line":105,"column":2},"end":{"line":173,"column":null}}},"fnMap":{"0":{"name":"OperatorDashboard","decl":{"start":{"line":20,"column":16},"end":{"line":20,"column":36}},"loc":{"start":{"line":20,"column":36},"end":{"line":175,"column":null}},"line":20},"1":{"name":"(anonymous_1)","decl":{"start":{"line":25,"column":38},"end":{"line":25,"column":45}},"loc":{"start":{"line":25,"column":45},"end":{"line":25,"column":108}},"line":25},"2":{"name":"(anonymous_2)","decl":{"start":{"line":47,"column":34},"end":{"line":47,"column":40}},"loc":{"start":{"line":47,"column":40},"end":{"line":47,"column":95}},"line":47},"3":{"name":"(anonymous_3)","decl":{"start":{"line":51,"column":35},"end":{"line":51,"column":41}},"loc":{"start":{"line":51,"column":41},"end":{"line":51,"column":114}},"line":51},"4":{"name":"(anonymous_4)","decl":{"start":{"line":54,"column":39},"end":{"line":54,"column":45}},"loc":{"start":{"line":54,"column":45},"end":{"line":54,"column":126}},"line":54},"5":{"name":"(anonymous_5)","decl":{"start":{"line":61,"column":36},"end":{"line":61,"column":null}},"loc":{"start":{"line":62,"column":5},"end":{"line":64,"column":null}},"line":62},"6":{"name":"(anonymous_6)","decl":{"start":{"line":69,"column":28},"end":{"line":69,"column":34}},"loc":{"start":{"line":69,"column":34},"end":{"line":77,"column":5}},"line":69},"7":{"name":"(anonymous_7)","decl":{"start":{"line":72,"column":26},"end":{"line":72,"column":33}},"loc":{"start":{"line":72,"column":33},"end":{"line":76,"column":5}},"line":72}},"branchMap":{"0":{"loc":{"start":{"line":25,"column":45},"end":{"line":25,"column":108}},"type":"cond-expr","locations":[{"start":{"line":25,"column":53},"end":{"line":25,"column":101}},{"start":{"line":25,"column":101},"end":{"line":25,"column":108}}],"line":25},"1":{"loc":{"start":{"line":25,"column":45},"end":{"line":25,"column":65}},"type":"binary-expr","locations":[{"start":{"line":25,"column":45},"end":{"line":25,"column":53}},{"start":{"line":25,"column":53},"end":{"line":25,"column":65}}],"line":25},"2":{"loc":{"start":{"line":37,"column":29},"end":{"line":37,"column":null}},"type":"binary-expr","locations":[{"start":{"line":37,"column":29},"end":{"line":37,"column":65}},{"start":{"line":37,"column":65},"end":{"line":37,"column":null}}],"line":37},"3":{"loc":{"start":{"line":38,"column":21},"end":{"line":38,"column":null}},"type":"binary-expr","locations":[{"start":{"line":38,"column":21},"end":{"line":38,"column":49}},{"start":{"line":38,"column":49},"end":{"line":38,"column":null}}],"line":38},"4":{"loc":{"start":{"line":39,"column":36},"end":{"line":39,"column":null}},"type":"binary-expr","locations":[{"start":{"line":39,"column":36},"end":{"line":39,"column":72}},{"start":{"line":39,"column":72},"end":{"line":39,"column":null}}],"line":39},"5":{"loc":{"start":{"line":42,"column":62},"end":{"line":42,"column":84}},"type":"binary-expr","locations":[{"start":{"line":42,"column":62},"end":{"line":42,"column":82}},{"start":{"line":42,"column":82},"end":{"line":42,"column":84}}],"line":42},"6":{"loc":{"start":{"line":47,"column":40},"end":{"line":47,"column":95}},"type":"cond-expr","locations":[{"start":{"line":47,"column":40},"end":{"line":47,"column":89}},{"start":{"line":47,"column":89},"end":{"line":47,"column":95}}],"line":47},"7":{"loc":{"start":{"line":51,"column":41},"end":{"line":51,"column":114}},"type":"cond-expr","locations":[{"start":{"line":51,"column":52},"end":{"line":51,"column":108}},{"start":{"line":51,"column":108},"end":{"line":51,"column":114}}],"line":51},"8":{"loc":{"start":{"line":54,"column":45},"end":{"line":54,"column":126}},"type":"cond-expr","locations":[{"start":{"line":54,"column":56},"end":{"line":54,"column":120}},{"start":{"line":54,"column":120},"end":{"line":54,"column":126}}],"line":54},"9":{"loc":{"start":{"line":57,"column":44},"end":{"line":57,"column":59}},"type":"binary-expr","locations":[{"start":{"line":57,"column":44},"end":{"line":57,"column":57}},{"start":{"line":57,"column":57},"end":{"line":57,"column":59}}],"line":57},"10":{"loc":{"start":{"line":62,"column":5},"end":{"line":64,"column":null}},"type":"cond-expr","locations":[{"start":{"line":62,"column":24},"end":{"line":63,"column":null}},{"start":{"line":64,"column":8},"end":{"line":64,"column":null}}],"line":62},"11":{"loc":{"start":{"line":62,"column":5},"end":{"line":62,"column":null}},"type":"binary-expr","locations":[{"start":{"line":62,"column":5},"end":{"line":62,"column":18}},{"start":{"line":62,"column":18},"end":{"line":62,"column":null}}],"line":62},"12":{"loc":{"start":{"line":70,"column":4},"end":{"line":70,"column":null}},"type":"if","locations":[{"start":{"line":70,"column":4},"end":{"line":70,"column":null}},{"start":{},"end":{}}],"line":70},"13":{"loc":{"start":{"line":74,"column":17},"end":{"line":74,"column":null}},"type":"cond-expr","locations":[{"start":{"line":74,"column":36},"end":{"line":74,"column":67}},{"start":{"line":74,"column":67},"end":{"line":74,"column":null}}],"line":74},"14":{"loc":{"start":{"line":74,"column":67},"end":{"line":74,"column":null}},"type":"cond-expr","locations":[{"start":{"line":74,"column":91},"end":{"line":74,"column":116}},{"start":{"line":74,"column":116},"end":{"line":74,"column":null}}],"line":74},"15":{"loc":{"start":{"line":74,"column":126},"end":{"line":74,"column":177}},"type":"binary-expr","locations":[{"start":{"line":74,"column":126},"end":{"line":74,"column":167}},{"start":{"line":74,"column":167},"end":{"line":74,"column":177}}],"line":74},"16":{"loc":{"start":{"line":79,"column":20},"end":{"line":79,"column":null}},"type":"binary-expr","locations":[{"start":{"line":79,"column":20},"end":{"line":79,"column":37}},{"start":{"line":79,"column":37},"end":{"line":79,"column":58}},{"start":{"line":79,"column":58},"end":{"line":79,"column":null}}],"line":79},"17":{"loc":{"start":{"line":81,"column":2},"end":{"line":87,"column":null}},"type":"if","locations":[{"start":{"line":81,"column":2},"end":{"line":87,"column":null}},{"start":{},"end":{}}],"line":81},"18":{"loc":{"start":{"line":89,"column":2},"end":{"line":91,"column":null}},"type":"if","locations":[{"start":{"line":89,"column":2},"end":{"line":91,"column":null}},{"start":{},"end":{}}],"line":89},"19":{"loc":{"start":{"line":93,"column":2},"end":{"line":103,"column":null}},"type":"if","locations":[{"start":{"line":93,"column":2},"end":{"line":103,"column":null}},{"start":{},"end":{}}],"line":93},"20":{"loc":{"start":{"line":114,"column":20},"end":{"line":114,"column":44}},"type":"binary-expr","locations":[{"start":{"line":114,"column":20},"end":{"line":114,"column":43}},{"start":{"line":114,"column":43},"end":{"line":114,"column":44}}],"line":114},"21":{"loc":{"start":{"line":116,"column":37},"end":{"line":116,"column":73}},"type":"binary-expr","locations":[{"start":{"line":116,"column":37},"end":{"line":116,"column":72}},{"start":{"line":116,"column":72},"end":{"line":116,"column":73}}],"line":116},"22":{"loc":{"start":{"line":120,"column":35},"end":{"line":120,"column":62}},"type":"binary-expr","locations":[{"start":{"line":120,"column":35},"end":{"line":120,"column":61}},{"start":{"line":120,"column":61},"end":{"line":120,"column":62}}],"line":120},"23":{"loc":{"start":{"line":126,"column":21},"end":{"line":126,"column":55}},"type":"binary-expr","locations":[{"start":{"line":126,"column":21},"end":{"line":126,"column":52}},{"start":{"line":126,"column":52},"end":{"line":126,"column":55}}],"line":126},"24":{"loc":{"start":{"line":132,"column":20},"end":{"line":132,"column":49}},"type":"binary-expr","locations":[{"start":{"line":132,"column":20},"end":{"line":132,"column":48}},{"start":{"line":132,"column":48},"end":{"line":132,"column":49}}],"line":132},"25":{"loc":{"start":{"line":138,"column":20},"end":{"line":138,"column":40}},"type":"binary-expr","locations":[{"start":{"line":138,"column":20},"end":{"line":138,"column":39}},{"start":{"line":138,"column":39},"end":{"line":138,"column":40}}],"line":138},"26":{"loc":{"start":{"line":144,"column":7},"end":{"line":162,"column":null}},"type":"binary-expr","locations":[{"start":{"line":144,"column":7},"end":{"line":144,"column":22}},{"start":{"line":144,"column":22},"end":{"line":144,"column":39}},{"start":{"line":144,"column":39},"end":{"line":144,"column":null}},{"start":{"line":145,"column":8},"end":{"line":162,
[...]
:420,"176":268,"177":152,"178":152,"179":181,"180":152,"181":0,"182":152,"183":156,"184":242,"185":152,"186":4,"187":8,"188":8,"189":8,"190":8,"191":0,"192":8,"193":0,"194":8,"195":0,"196":8,"197":4,"198":4,"199":4,"200":0,"201":4,"202":8,"203":8,"204":0,"205":8,"206":8,"207":8,"208":8,"209":8,"210":8,"211":8,"212":8,"213":10,"214":14,"215":10,"216":10,"217":8,"218":8,"219":4,"220":4,"221":4,"222":2,"223":2,"224":152,"225":152,"226":152,"227":152,"228":152,"229":60,"230":92,"231":92,"232":152,"233":82,"234":82,"235":82,"236":92,"237":152,"238":0,"239":92,"240":10,"241":92,"242":80,"243":12,"244":12,"245":12,"246":0,"247":12,"248":152,"249":152,"250":152,"251":152,"252":152,"253":152,"254":152,"255":152,"256":3,"257":12,"258":12,"259":12,"260":12,"261":2,"262":2,"263":2,"264":12,"265":152,"266":152,"267":152,"268":140,"269":152,"270":140,"271":0,"272":300,"273":300,"274":2,"275":5,"276":5,"277":8,"278":9,"279":7,"280":9,"281":13,"282":9,"283":9,"284":5,"285":7,"286":9,"287":7,"288":9,"289":5,"290":5,"291":5,"292":100,"293":100,"294":180,"295":180,"296":240,"297":180,"298":180,"299":220,"300":180,"301":180,"302":180,"303":180,"304":180,"305":180,"306":180,"307":180,"308":20,"309":160,"310":0,"311":180,"312":100,"313":140,"314":140,"315":100,"316":40,"317":40,"318":40,"319":140,"320":140,"321":80,"322":80,"323":0,"324":0,"325":80,"326":0,"327":0,"328":140,"329":0,"330":0,"331":0,"332":0,"333":100,"334":100,"335":9,"336":9,"337":9,"338":12,"339":9,"340":9,"341":9,"342":11,"343":9,"344":9,"345":9,"346":9,"347":9,"348":9,"349":9,"350":9,"351":100},"f":{"0":0,"1":4,"2":28,"3":0,"4":0,"5":0,"6":0,"7":7,"8":2,"9":2,"10":2,"11":6,"12":6,"13":6,"14":7,"15":7,"16":6,"17":7,"18":2,"19":7,"20":7,"21":13,"22":2,"23":0,"24":0,"25":0,"26":0,"27":0,"28":0,"29":0,"30":0,"31":0,"32":0,"33":0,"34":0,"35":0,"36":0,"37":0,"38":0,"39":0,"40":0,"41":276,"42":8,"43":10,"44":420,"45":152,"46":181,"47":156,"48":242,"49":4,"50":8,"51":0,"52":8,"53":10,"54":14,"55":82,"56":2,"57":5,"58":8,"59":9,"60":13,"61":7,"62":9,"63":9,"64":180,"65":240,"66":180,"67":220,"68":140,"69":80,"70":9,"71":12,"72":9,"73":11},"b":{"0":[4],"1":[28,0],"2":[0],"3":[0,0],"4":[0,0],"5":[0,0],"6":[5,2],"7":[7,7],"8":[2,0],"9":[0,0],"10":[7,0],"11":[7,0],"12":[2,2],"13":[4,0],"14":[7,7],"15":[7,7],"16":[13,0],"17":[2,2],"18":[0,4],"19":[4,0],"20":[0],"21":[0,0],"22":[0,0],"23":[0,0],"24":[0,0],"25":[0,0],"26":[0,0],"27":[0,0],"28":[0,0],"29":[0,0],"30":[0,0],"31":[0,0],"32":[0,0],"33":[0,0],"34":[0,0],"35":[0,0],"36":[8,268],"37":[0,8],"38":[8,0],"39":[8,0],"40":[0,8],"41":[8,6],"42":[0,8],"43":[8,0],"44":[8,5],"45":[0,8],"46":[8,0],"47":[0,8],"48":[268,152],"49":[0,152],"50":[8,3],"51":[8,8],"52":[8,0],"53":[0,0],"54":[0,8],"55":[0,8],"56":[8,0],"57":[0,4],"58":[8,0],"59":[0,8],"60":[8,3],"61":[8,0],"62":[8,0],"63":[10,0],"64":[6,2],"65":[2,2],"66":[152,70],"67":[152,0],"68":[60,92],"69":[92,0],"70":[82,70],"71":[82,80],"72":[92,0],"73":[0,152],"74":[10,82],"75":[80,12],"76":[92,80],"77":[0,12],"78":[12,0,0],"79":[12,0],"80":[3,149],"81":[152,8],"82":[2,10],"83":[2,0],"84":[0,12],"85":[3,9],"86":[140,12],"87":[0,140],"88":[140,0],"89":[7,2],"90":[9,0],"91":[9,0],"92":[180,0],"93":[180,0],"94":[180,180],"95":[180,0],"96":[180,0],"97":[180,0],"98":[20,160],"99":[0,160],"100":[100,40],"101":[40,0],"102":[140,0],"103":[80,0],"104":[0,80],"105":[0,80],"106":[0,140],"107":[140,0],"108":[9,0],"109":[9,0],"110":[9,0],"111":[9,0]},"meta":{"lastBranch":112,"lastFunction":74,"lastStatement":352,"seen":{"s:5:22:5:Infinity":0,"f:5:22:5:27":0,"s:5:40:5:Infinity":1,"s:9:42:398:Infinity":2,"f:9:42:9:Infinity":1,"b:15:26:15:Infinity":0,"s:20:27:20:Infinity":3,"s:21:16:21:Infinity":4,"f:21:16:21:17":2,"b:21:35:21:74:undefined:undefined:undefined:undefined":1,"s:21:35:21:74":5,"s:21:58:21:74":6,"s:22:4:22:Infinity":7,"s:25:32:25:Infinity":8,"s:28:34:28:Infinity":9,"s:31:25:43:Infinity":10,"f:31:25:31:26":3,"b:31:47:31:95":2,"b:32:8:32:Infinity:undefined:undefined:undefined:undefined":3,"s:32:8:32:Infinity":11,"s:32:28:32:Infinity":12,"s:33:26:33:Infinity":13,"s:34:19:34:Infinity":14,"f:34:41:34:46":4,"s:34:46:34:59":15,"b:35:8:40:Infinity:undefined:undefined:undefined:undefined":4,"s:35:8:40:Infinity":16,"b:35:12:35:18:35:18:35:35":5,"s:36:12:39:Infinity":17,"f:36:36:36:41":5,"s:37:16:37:Infinity":18,"s:38:16:38:Infinity":19,"f:38:46:38:51":6,"s:38:51:38:67":20,"s:41:8:41:Infinity":21,"s:42:8:42:Infinity":22,"s:45:4:66:Infinity":23,"f:45:29:45:35":7,"b:46:8:49:Infinity:undefined:undefined:undefined:undefined":6,"s:46:8:49:Infinity":24,"b:46:12:46:32:46:32:46:62":7,"s:47:12:47:Infinity":25,"s:48:12:48:Infinity":26,"s:51:29:51:Infinity":27,"s:52:29:52:Infinity":28,"s:53:25:53:Infinity":29,"s:55:8:63:Infinity":30,"f:55:29:55:36":8,"s:56:12:62:Infinity":31,"f:56:33:56:42":9,"b:57:16:57:Infinity:undefined:undefined:undefined:undefined":8,"s:57:16:57:Infinity":32,"s:57:35:57:Infinity":33,"s:58:39:58:Infinity":34,"b:59:16:61:Infinity:undefined:undefined:undefined:undefined":9,"s:59:16:61:Infinity":35,"s:60:20:60:Infinity":36,"s:65:8:65:Infinity":37,"f:65:61:65:66":10,"s:65:66:65:82":38,"s:68:100:68:Infinity":39,"s:69:4:69:Infinity":40,"f:69:22:69:27":11,"s:69:27:69:46":41,"s:72:22:72:Infinity":42,"f:72:38:72:44":12,"s:72:44:72:103":43,"s:73:26:73:Infinity":44,"s:75:25:75:Infinity":45,"s:76:4:76:Infinity":46,"f:76:22:76:27":13,"s:76:27:76:60":47,"s:78:4:84:Infinity":48,"f:78:26:78:27":14,"b:79:8:83:Infinity:undefined:undefined:undefined:undefined":10,"s:79:8:83:Infinity":49,"s:80:12:82:Infinity":50,"f:80:37:80:38":15,"s:81:16:81:Infinity":51,"s:86:32:86:Infinity":52,"s:87:4:87:Infinity":53,"f:87:22:87:27":16,"s:87:27:87:67":54,"s:90:23:90:Infinity":55,"s:91:4:99:Infinity":56,"f:91:29:91:35":17,"b:92:8:98:Infinity:undefined:undefined:undefined:undefined":11,"s:92:8:98:Infinity":57,"s:93:12:97:Infinity":58,"f:93:36:93:45":18,"s:94:29:94:Infinity":59,"b:94:29:94:54:94:54:94:Infinity":12,"s:95:16:95:Infinity":60,"s:96:16:96:Infinity":61,"s:102:22:102:Infinity":62,"s:103:29:103:Infinity":63,"s:104:26:104:Infinity":64,"b:104:26:104:44:104:44:104:Infinity":13,"s:106:4:110:Infinity":65,"f:106:29:106:35":19,"s:107:21:107:Infinity":66,"b:107:21:107:45:107:45:107:Infinity":14,"s:108:21:108:Infinity":67,"s:109:8:109:Infinity":68,"s:113:4:123:Infinity":69,"f:113:29:113:35":20,"s:114:29:114:Infinity":70,"b:114:29:114:53:114:53:114:Infinity":15,"s:115:26:118:Infinity":71,"f:115:50:115:55":21,"s:116:25:116:Infinity":72,"b:116:25:116:60:116:60:116:Infinity":16,"s:117:12:117:Infinity":73,"s:119:8:121:Infinity":74,"f:119:26:119:31":22,"s:120:12:120:Infinity":75,"b:120:31:120:54:120:54:120:Infinity":17,"s:122:8:122:Infinity":76,"s:126:26:126:Infinity":77,"s:127:33:127:Infinity":78,"s:128:27:128:Infinity":79,"s:129:38:129:Infinity":80,"s:130:29:130:Infinity":81,"s:131:36:131:Infinity":82,"b:133:4:201:Infinity:undefined:undefined:undefined:undefined":18,"s:133:4:201:Infinity":83,"b:133:8:133:21:133:21:133:38":19,"s:134:33:146:Infinity":84,"f:134:33:134:34":23,"b:134:55:134:103":20,"b:135:12:135:Infinity:undefined:undefined:undefined:undefined":21,"s:135:12:135:Infinity":85,"s:135:32:135:Infinity":86,"s:136:30:136:Infinity":87,"s:137:23:137:Infinity":88,"f:137:49:137:54":24,"s:137:54:137:67":89,"b:138:12:143:Infinity:undefined:undefined:undefined:undefined":22,"s:138:12:143:Infinity":90,"b:138:16:138:22:138:22:138:39":23,"s:139:16:142:Infinity":91,"f:139:40:139:45":25,"s:140:20:140:Infinity":92,"s:141:20:141:Infinity":93,"f:141:54:141:59":26,"s:141:59:141:75":94,"s:144:12:144:Infinity":95,"s:145:12:145:Infinity":96,"s:148:8:163:Infinity":97,"f:148:37:148:43":27,"b:149:12:152:Infinity:undefined:undefined:undefined:undefined":24,"s:149:12:152:Infinity":98,"b:149:16:149:36:149:36:149:66":25,"s:150:16:150:Infinity":99,"s:151:16:151:Infinity":100,"s:153:33:153:Infinity":101,"s:154:33:154:Infinity":102,"s:155:29:155:Infinity":103,"s:156:12:161:Infinity":104,"f:156:33:156:40":28,"s:157:16:160:Infinity":105,"f:157:37:157:46":29,"b:158:20:158:Infinity:undefined:undefined:undefined:undefined":26,"s:158:20:158:Infinity":106,"s:158:39:158:Infinity":107,"b:159:20:159:Infinity:undefined:undefined:undefined:undefined":27,"s:159:20:159:Infinity":108,"s:159:72:159:Infinity":109,"s:162:12:162:Infinity":110,"f:162:69:162:74":30,"s:162:74:162:90":111,"s:165:8:173:Infinity":112,"f:165:37:165:43":31,"b:166:12:172:Infinity:undefined:undefined:undefined:undefined":28,"s:166:12:172:Infinity":113,"s:167:16:171:Infinity":114,"f:167:40:167:49":32,"s:168:33:168:Infinity":115,"b:168:33:168:62:168:62:168:Infinity":29,"s:169:20:169:Infinity":116,"s:170:20:170:Infinity":117,"s:175:30:175:Infinity":118,"f:175:50:175:56":33,"s:175:56:175:115":119,"s:176:34:176:Infinity":120,"s:177:8:177:Infinity":121,"f:177:26:177:31":34,"s:177:31:177:68":122,"s:178:8:184:Infinity":123,"f:178:34:178:35":35,"b:179:12:183:Infinity:undefined:undefined:undefined:undefined":30,"s:179:12:183:Infinity":124,"s:180:16:182:Infinity":125,"f:180:41:180:42":36,"s:181:20:181:Infinity":126,"s:185:8:185:Infinity":127,"f:185:26:185:31":37,"s:185:31:185:75":128,"s:187:29:187:Infinity":129,"b:187:29:187:51:187:51:187:Infinity":31,"s:188:8:200:Infinity":130,"f:188:37:188:43":38,"s:189:25:189:Infinity":131,"b:189:25:189:49:189:49:189:Infinity":32,"s:190:25:190:Infinity":132,"s:191:12:191:Infinity":133,"s:193:27:193:Infinity":134,"b:193:27:193:51:193:51:193:Infinity":33,"s:194:30:197:Infinity":135,"f:194:58:194:63":39,"s:195:29:195:Infinity":136,"b:195:29:195:68:195:68:195:Infinity":34,"s:196:16:196:Infinity":137,"s:198:12:198:Infinity":138,"f:198:30:198:35":40,"s:198:35:198:73":139,"b:198:48:198:71:198:71:198:73":35,"s:199:12:199:Infinity":140,"s:203:25:203:Infinity":141,"s:204:20:204:Infinity":142,"s:207:4:394:Infinity":143,"s:207:17:207:20":144,"s:210:38:210:Infinity":145,"s:211:8:215:Infinity":146,"f:211:24:211:25":41,"b:212:12:214:Infinity:undefined:undefined:undefined:undefined":36,"s:212:12:214:Infinity":147,"s:213:16:213:Infinity":148,"s:217:8:254:Infinity":149,"f:217:28:217:35":42,"s:218:26:218:Infinity":150,"s:219:27:219:Infinity":151,"s:220:33:220:Infinity":152,"b:220:42:220:55:220:55:220:Infinity":37,"s:221:23:221:Infinity":153,"f:221:52:221:57":43,"s:221:57:221:76":154,"s:223:12:228:Infinity":155,"b:230:12:252:Infinity:undefined:undefined:undefined:undefined":38,"s:230:12:252:Infinity":156,"s:232:16:232:Infinity":157,"s:234:30:234:Infinity":158,"s:235:35:235:Infinity":159,"b:235:35:235:62:235:62:235:Infinity":39,"s:236:16:236:Infinity":160,"s:238:40:238:Infinity":161,"b:238:49:238:65:238:65:238:Infinity":40,"s:239:35:239:Infinity":162,"b:239:35:239:65:239:65:239:Infinity":41,"s:240:16:240:Infinity":163,"s:242:41:242:Infinity":164,"b:242:50:242:76:242:76:242:Infinity":42,"s:243:29:243:Infinity":165,"b:244:16:244:Infinity:undefined:undefined:undefined:undefined":43,"s:244:16:244:Infinity":166,"s:244:26:244:Infinity":167,"b:244:43:244:62:244:62:244:67":44,"s:246:40:246:Infinity":168,"b:246:49:246:72:246:72:246:Infinity":45,"s:247:29:247:Infinity":169,"b:247:29:247:59:247:59:247:Infinity":46,"s:248:16:248:Infinity":170,"s:250:35:250:Infinity":171,"b:250:44:250:55:250:55:250:Infinity":47,"s:251:16:251:Infinity":172,"s:253:12:253:Infinity":173,"s:257:8:393:Infinity":174,"f:257:26:257:34":44,"b:258:12:258:Infinity:undefined:undefined:undefined:undefined":48,"s:258:12:258:Infinity":175,"s:258:38:258:Infinity":176,"s:260:30:380:Infinity":177,"f:260:30:260:Infinity":45,"s:271:38:271:Infinity":178,"f:271:64:271:69":46,"s:271:69:271:100":179,"b:272:16:272:Infinity:undefined:undefined:undefined:undefined":49,"s:272:16:272:Infinity":180,"s:272:48:272:Infinity":181,"s:274:33:276:Infinity":182,"f:275:25:275:30":47,"s:275:30:275:87":183,"f:275:59:275:64":48,"s:275:64:275:86":184,"s:278:16:317:Infinity":185,"f:278:32:278:33":49,"s:279:46:288:Infinity":186,"f:279:46:279:47":50,"s:280:43:280:Infinity":187,"b:280:43:280:74:280:74:280:Infinity":50,"s:281:38:281:Infinity":188,"b:281:38:281:70:281:70:281:Infinity":51,"s:282:40:282:Infinity":189,"b:282:40:282:73:282:73:282:Infinity":52,"s:284:49:284:Infinity":190,"f:284:60:284:68":51,"s:284:60:284:104":191,"b:284:68:284:97:284:97:284:102":53,"b:285:24:285:Infinity:undefined:undefined:undefined:undefined":54,"s:285:24:285:Infinity":192,"s:285:46:285:Infinity":193,"b:286:24:286:Infinity:undefined:undefined:undefined:undefined":55,"s:286:24:286:Infinity":194,"b:286:28:286:40:286:40:286:57":56,"s:286:57:286:Infinity":195,"s:287:24:287:Infinity":196,"s:290:33:290:Infinity":197,"s:291:33:291:Infinity":198,"b:292:20:292:Infinity:undefined:undefined:undefined:undefined":57,"s:292:20:292:Infinity":199,"s:292:39:292:Infinity":200,"s:294:47:311:Infinity":201,"f:294:47:294:48":52,"s:295:39:295:Infinity":202,"b:295:39:295:87:295:87:295:Infinity":58,"b:296:24:296:Infinity:undefined:undefined:undefined:undefined":59,"s:296:24:296:Infinity":203,"s:296:44:296:Infinity":204,"s:297:45:297:Infinity":205,"s:298:43:298:Infinity":206,"b:298:43:298:71:298:71:298:Infinity":60,"s:299:36:299:Infinity":207,"s:300:30:300:Infinity":208,"b:300:37:300:62:300:62:300:69":61,"s:301:43:301:Infinity":209,"s:302:40:302:Infinity":210,"b:303:24:308:Infinity:undefined:undefined:undefined:undefined":62,"s:303:24:308:Infinity":211,"s:304:28:307:Infinity":212,"f:304:49:304:50":53,"s:305:44:305:Infinity":213,"f:305:73:305:78":54,"s:305:78:305:90":214,"b:306:32:306:Infinity:undefined:undefined:undefined:undefined":63,"s:306:32:306:Infinity":215,"s:306:41:306:Infinity":216,"s:309:45:309:Infinity":217,"b:309:61:309:85:309:85:309:Infinity":64,"s:310:24:310:Infinity":218,"s:313:35:313:Infinity":219,"s:314:35:314:Infinity":220,"b:315:20:315:Infinity:undefined:undefined:undefined:undefined":65,"s:315:20:315:Infinity":221,"s:315:57:315:Infinity":222,"s:316:20:316:Infinity":223,"s:319:16:378:Infinity":224,"s:320:34:320:Infinity":225,"s:321:34:321:Infinity":226,"b:321:34:321:61:321:61:321:Infinity":66,"s:322:35:322:Infinity":227,"b:322:35:322:59:322:59:322:Infinity":67,"b:323:20:323:Infinity:undefined:undefined:undefined:undefined":68,"s:323:20:323:Infinity":228,"s:323:41:323:Infinity":229,"s:325:35:325:Infinity":230,"s:326:33:326:Infinity":231,"b:326:33:326:76:326:76:326:Infinity":69,"b:327:20:330:Infinity:undefined:undefined:undefined:undefined":70,"s:327:20:330:Infinity":232,"s:328:39:328:Infinity":233,"f:328:48:328:53":55,"s:328:53:328:81":234,"b:328:53:328:80:328:80:328:81":71,"s:329:24:329:Infinity":235,"s:331:39:331:Infinity":236,"b:331:39:331:77:331:77:331:Infinity":72,"b:332:20:332:Infinity:undefined:undefined:undefined:undefined":73,"s:332:20:332:Infinity":237,"s:332:41:332:Infinity":238,"b:333:20:333:Infinity:undefined:undefined:undefined:undefined":74,"s:333:20:333:Infinity":239,"s:333:47:333:Infinity":240,"b:334:20:334:Infinity:undefined:undefined:undefined:undefined":75,"s:334:20:334:Infinity":241,"b:334:24:334:41:334:41:334:58":76,"s:334:58:334:Infinity":242,"s:336:38:336:Infinity":243,"s:337:42:337:Infinity":244,"b:338:20:338:Infinity:undefined:undefined:undefined:undefined":77,"s:338:20:338:Infinity":245,"b:338:24:338:48:338:48:338:65:338:65:338:78":78,"s:338:78:338:Infinity":246,"s:340:26:340:Infinity":247,"b:340:40:340:65:340:65:340:72":79,"s:341:39:341:Infinity":248,"s:342:41:342:Infinity":249,"s:344:38:344:Infinity":250,"s:345:38:345:Infinity":251,"s:346:38:346:Infinity":252,"s:349:37:349:Infinity":253,"s:350:32:350:Infinity":254,"b:351:20:353:Infinity:undefined:undefined:undefined:undefined":80,"s:351:20:353:Infinity":255,"b:351:24:351:36:351:36:351:56":81,"s:352:24:352:Infinity":256,"s:355:38:355:Infinity":257,"s:357:20:363:Infinity":258,"s:365:20:365:Infinity":259,"b:367:20:372:Infinity:undefined:undefined:undefined:undefined":82,"s:367:20:372:Infinity":260,"s:368:24:371:Infinity":261,"f:368:37:368:42":56,"s:369:40:369:Infinity":262,"b:369:40:369:67:369:67:369:Infinity":83,"s:370:28:370:Infinity":263,"s:374:39:374:Infinity":264,"b:374:48:374:59:374:59:374:Infinity":84,"s:375:37:375:Infinity":265,"b:375:49:375:71:375:71:375:Infinity":85,"s:376:20:376:Infinity":266,"s:377:20:377:Infinity":267,"s:379:16:379:Infinity":268,"b:382:12:392:Infinity:undefined:undefined:undefined:undefined":86,"s:382:12:392:Infinity":269,"b:386:16:391:Infinity:undefined:undefined:undefined:undefined":87,"s:386:16:391:Infinity":270,"b:386:20:386:33:386:33:386:50":88,"s:387:20:390:Infinity":271,"s:396:4:396:Infinity":272,"s:397:4:397:Infinity":273,"s:402:34:528:Infinity":274,"f:402:34:402:Infinity":57,"s:411:22:411:Infinity":275,"s:413:4:419:Infinity":276,"f:413:24:413:29":58,"s:414:8:418:Infinity":277,"f:414:30:414:37":59,"b:415:12:415:Infinity:undefined:undefined:undefined:undefined":89,"s:415:12:415:Infinity":278,"s:415:37:415:Infinity":279,"s:416:23:416:Infinity":280,"f:416:45:416:50":60,"s:416:50:416:72":281,"b:417:12:417:Infinity:undefined:undefined:undefined:undefined":90,"s:417:12:417:Infinity":282,"s:417:20:417:Infinity":283,"s:422:4:425:Infinity":284,"f:422:22:422:23":61,"s:423:22:423:Infinity":285,"f:423:58:423:59":62,"s:423:68:423:75":286,"s:424:8:424:Infinity":287,"f:424:24:424:25":63,"s:424:34:424:75":288,"b:424:61:424:73:424:73:424:74":91,"s:428:23:428:Infinity":289,"s:430:4:496:Infinity":290,"s:430:17:430:20":291,"s:433:31:433:Infinity":292,"s:435:8:465:Infinity":293,"f:435:33:435:39":64,"s:437:23:437:Infinity":294,"s:438:29:438:Infinity":295,"f:438:46:438:51":65,"s:438:51:438:74":296,"s:439:12:447:Infinity":297,"f:439:42:439:49":66,"s:440:29:440:Infinity":298,"f:440:44:440:49":67,"s:440:49:440:61":299,"s:441:31:441:Infinity":300,"b:441:31:441:65:441:65:441:Infinity":92,"b:442:16:446:Infinity:undefined:undefined:undefined:undefined":93,"s:442:16:446:Infinity":301,"b:442:20:442:28:442:28:442:40":94,"s:445:20:445:Infinity":302,"b:445:30:445:55:445:55:445:62":95,"s:450:27:450:Infinity":303,"b:450:27:450:60:450:60:450:Infinity":96,"s:451:26:451:Infinity":304,"s:453:25:453:Infinity":305,"s:457:25:457:Infinity":306,"b:457:33:457:41:457:41:457:Infinity":97,"b:458:12:462:Infinity:460:12:462:Infinity":98,"s:458:12:462:Infinity":307,"s:459:16:459:Infinity":308,"b:460:12:462:Infinity:undefined:undefined:undefined:undefined":99,"s:460:12:462:Infinity":309,"s:461:16:461:Infinity":310,"s:464:12:464:Infinity":311,"s:468:8:495:Infinity":312,"f:468:26:468:27":68,"s:469:34:469:Infinity":313,"b:470:12:470:Infinity:undefined:undefined:undefined:undefined":100,"s:470:12:470:Infinity":314,"s:470:42:470:Infinity":315,"s:474:26:474:Infinity":316,"s:475:26:475:Infinity":317,"s:476:25:476:Infinity":318,"b:476:25:476:56:476:56:476:Infinity":101,"s:477:25:477:Infinity":319,"b:477:25:477:56:477:56:477:Infinity":102,"s:479:12:483:Infinity":320,"f:479:34:479:41":69,"s:480:26:480:Infinity":321,"b:480:26:480:53:480:53:480:Infinity":103,"b:481:16:481:Infinity:undefined:undefined:undefined:undefined":104,"s:481:16:481:Infinity":322,"s:481:34:481:46":323,"s:481:46:481:61":324,"b:482:16:482:Infinity:undefined:undefined:undefined:undefined":105,"s:482:16:482:Infinity":325,"s:482:34:482:46":326,"s:482:46:482:61":327,"b:486:12:494:Infinity:undefined:undefined:undefined:undefined":106,"s:486:12:494:Infinity":328,"b:486:16:486:39:486:39:486:56":107,"s:487:29:487:Infinity":329,"s:490:30:490:Infinity":330,"s:492:16:492:Infinity":331,"s:493:16:493:Infinity":332,"s:499:20:499:Infinity":333,"s:501:4:525:Infinity":334,"f:501:29:501:35":70,"s:502:19:502:Infinity":335,"s:503:40:503:Infinity":336,"s:504:27:504:Infinity":337,"f:504:44:504:49":71,"s:504:49:504:72":338,"s:506:29:506:Infinity":339,"s:507:8:515:Infinity":340,"f:507:40:507:47":72,"s:508:25:508:Infinity":341,"f:508:40:508:45":73,"s:508:45:508:57":342,"b:509:12:514:Infinity:undefined:undefined:undefined:undefined":108,"s:509:12:514:Infinity":343,"s:510:16:510:Infinity":344,"s:511:31:511:Infinity":345,"b:511:31:511:65:511:65:511:Infinity":109,"s:512:16:512:Infinity":346,"s:513:16:513:Infinity":347,"b:513:26:513:51:513:51:513:58":110,"s:517:23:517:Infinity":348,"b:517:23:517:56:517:56:517:Infinity":111,"s:518:22:518:Infinity":349,"s:520:8:524:Infinity":350,"s:527:4:527:Infinity":351}}}}}